{"name": "test_Opportunity", "status": "failed", "statusDetails": {"message": "AssertionError: Failed to log in; Salesforce CPQ page not displayed.\nassert 'Salesforce CPQ' in 'Home | Salesforce'\n +  where 'Home | Salesforce' = <selenium.webdriver.chrome.webdriver.WebDriver (session=\"74e16ffa1b9164e2bd5fb2f348199230\")>.title\n +    where <selenium.webdriver.chrome.webdriver.WebDriver (session=\"74e16ffa1b9164e2bd5fb2f348199230\")> = <testCases.test_salesOpportunity.Test_SalesOpportunity object at 0x000002943A08A5D0>.driver", "trace": "self = <testCases.test_salesOpportunity.Test_SalesOpportunity object at 0x000002943A08A5D0>\nsetup = <selenium.webdriver.chrome.webdriver.WebDriver (session=\"74e16ffa1b9164e2bd5fb2f348199230\")>\n\n    @pytest.mark.sales\n    def test_Opportunity(self, setup):\n        self.logger.info(\"*****Starting The Sales Opportunity Test*****\")\n        # Call the Browser Configuration\n        self.logger.info(\"*****Call the Browser Configuration*****\")\n        self.driver = setup\n        self.driver.implicitly_wait(10)\n        # Open the Website URL\n        self.logger.info(\"*****Open the Website URL*****\")\n        self.driver.get(self.baseURL)\n        # assert self.driver.current_window_handle == self.baseURL, \"Failed to open the website URL.\"\n        # Fit the browser screen\n        self.logger.info(\"*****Fit the browser screen*****\")\n        self.driver.maximize_window()\n        # Define LoginPage Driver\n        self.logger.info(\"*****Define LoginPage Driver*****\")\n        self.lp = LoginPage(self.driver)\n        # Fill the UserName field\n        self.logger.info(\"*****Fill the UserName field*****\")\n        self.lp.setUserName(self.username)\n        # Fill the Password field\n        self.logger.info(\"*****Fill the Password field*****\")\n        self.lp.setPassword(self.password)\n        # Click on the Signin Button\n        self.logger.info(\"*****Click the Signin Button*****\")\n        self.lp.clickSignin()\n        time.sleep(7)\n>       assert \"Salesforce CPQ\" in self.driver.title, \"Failed to log in; Salesforce CPQ page not displayed.\"\nE       AssertionError: Failed to log in; Salesforce CPQ page not displayed.\nE       assert 'Salesforce CPQ' in 'Home | Salesforce'\nE        +  where 'Home | Salesforce' = <selenium.webdriver.chrome.webdriver.WebDriver (session=\"74e16ffa1b9164e2bd5fb2f348199230\")>.title\nE        +    where <selenium.webdriver.chrome.webdriver.WebDriver (session=\"74e16ffa1b9164e2bd5fb2f348199230\")> = <testCases.test_salesOpportunity.Test_SalesOpportunity object at 0x000002943A08A5D0>.driver\n\ntestCases\\test_salesOpportunity.py:57: AssertionError"}, "attachments": [{"name": "log", "source": "8ebd19eb-4a3a-4ea8-b98c-df65b64eff19-attachment.txt", "type": "text/plain"}], "start": 1730738218648, "stop": 1730738235188, "uuid": "3116a25c-9aa4-4fe0-b831-57002f328fb1", "historyId": "d08e0d5dbdba94461afb41669c70da53", "testCaseId": "d08e0d5dbdba94461afb41669c70da53", "fullName": "test_salesOpportunity.Test_SalesOpportunity#test_Opportunity", "labels": [{"name": "tag", "value": "sales"}, {"name": "suite", "value": "test_salesOpportunity"}, {"name": "subSuite", "value": "Test_SalesOpportunity"}, {"name": "host", "value": "OPGLOOJEYINKA"}, {"name": "thread", "value": "11788-MainThread"}, {"name": "framework", "value": "pytest"}, {"name": "language", "value": "cpython3"}, {"name": "package", "value": "test_salesOpportunity"}]}