{"name": "test_createPMQuote", "status": "broken", "statusDetails": {"message": "selenium.common.exceptions.TimeoutException: Message: \nStacktrace:\n\tGetHandleVerifier [0x007DD933+25811]\n\t(No symbol) [0x0076E314]\n\t(No symbol) [0x00662523]\n\t(No symbol) [0x006A7483]\n\t(No symbol) [0x006A765B]\n\t(No symbol) [0x006E6BA2]\n\t(No symbol) [0x006CAD74]\n\t(No symbol) [0x006E46F0]\n\t(No symbol) [0x006CAAC6]\n\t(No symbol) [0x0069BEFD]\n\t(No symbol) [0x0069C8FD]\n\tGetHandleVerifier [0x00AAF143+2981091]\n\tGetHandleVerifier [0x00B02FF9+3324825]\n\tGetHandleVerifier [0x0086B32F+605903]\n\tGetHandleVerifier [0x00872CBC+637020]\n\t(No symbol) [0x00776F4D]\n\t(No symbol) [0x00773DD8]\n\t(No symbol) [0x00773F75]\n\t(No symbol) [0x00766406]\n\t(No symbol) [0x76AB7BA9]\n\tRtlInitializeExceptionChain [0x776BBDAB+107]\n\tRtlClearBits [0x776BBD2F+191]", "trace": "self = <testCases.test_pmCloneQuote.Test_CreateQuote object at 0x0000025FB41E3390>\nsetup = <selenium.webdriver.chrome.webdriver.WebDriver (session=\"ff9341924e04d8f0550339efc4ea7a22\")>\n\n    @pytest.mark.pm\n    def test_createPMQuote(self, setup):\n        self.logger.info(\"*****Starting The Create PM Quote From Opportunity Test*****\")\n        # Call the Browser Configuration\n        self.logger.info(\"*****Call the Browser Configuration*****\")\n        self.driver = setup\n        self.driver.implicitly_wait(10)\n        # Open the Website URL\n        self.logger.info(\"*****Open the Website URL*****\")\n        self.driver.get(self.baseURL)\n        # Fit the browser screen\n        self.logger.info(\"*****Fit the browser screen*****\")\n        self.driver.maximize_window()\n        # Define LoginPage Driver\n        self.logger.info(\"*****Define LoginPage Driver*****\")\n        self.lp = LoginPage(self.driver)\n        # Fill the UserName field\n        self.logger.info(\"*****Fill the UserName field*****\")\n        self.lp.setUserName(self.username)\n        # Fill the Password field\n        self.logger.info(\"*****Fill the Password field*****\")\n        self.lp.setPassword(self.password)\n        # Click on the Signin Button\n        self.logger.info(\"*****Click the Signin Button*****\")\n        self.lp.clickSignin()\n        time.sleep(5)\n    \n        # Define the Quote Page Driver\n        self.qp = QuotePage(self.driver)\n        self.logger.info(\"*****Starting The Quote Page Test*****\")\n        # Click the CPQ Quote Tab\n        self.qp.clickCpqQuoteTab()\n        time.sleep(5)\n        # Click the PM Quote\n        self.qp.PMQuote1()\n        time.sleep(2)\n        self.qp.cloneNavArr()\n        time.sleep(3)\n        self.qp.cloneRelatedQuote()\n        time.sleep(4)\n>       self.qp.CancelButton()\n\ntestCases\\test_pmCloneQuote.py:65: \n_ _ _ _ _ _ _ _ _ _ _ _ _ _ _ _ _ _ _ _ _ _ _ _ _ _ _ _ _ _ _ _ _ _ _ _ _ _ _ _ _ _ _ _ _ _ _ _ _ _ _ _ _ _ _ _ _ _ _ _ _ _ _ _ _ _ _ _ _ _ _ _ _\nPages\\QuotePage.py:270: in CancelButton\n    shadow0 = WebDriverWait(self.driver, 10).until(EC.element_to_be_clickable((By.CSS_SELECTOR, \"#sbPageTitle\"))).shadow_root\n_ _ _ _ _ _ _ _ _ _ _ _ _ _ _ _ _ _ _ _ _ _ _ _ _ _ _ _ _ _ _ _ _ _ _ _ _ _ _ _ _ _ _ _ _ _ _ _ _ _ _ _ _ _ _ _ _ _ _ _ _ _ _ _ _ _ _ _ _ _ _ _ _\n\nself = <selenium.webdriver.support.wait.WebDriverWait (session=\"ff9341924e04d8f0550339efc4ea7a22\")>\nmethod = <function element_to_be_clickable.<locals>._predicate at 0x0000025FB6870F40>, message = ''\n\n    def until(self, method, message: str = \"\"):\n        \"\"\"Calls the method provided with the driver as an argument until the \\\n        return value does not evaluate to ``False``.\n    \n        :param method: callable(WebDriver)\n        :param message: optional message for :exc:`TimeoutException`\n        :returns: the result of the last call to `method`\n        :raises: :exc:`selenium.common.exceptions.TimeoutException` if timeout occurs\n        \"\"\"\n        screen = None\n        stacktrace = None\n    \n        end_time = time.monotonic() + self._timeout\n        while True:\n            try:\n                value = method(self._driver)\n                if value:\n                    return value\n            except self._ignored_exceptions as exc:\n                screen = getattr(exc, \"screen\", None)\n                stacktrace = getattr(exc, \"stacktrace\", None)\n            time.sleep(self._poll)\n            if time.monotonic() > end_time:\n                break\n>       raise TimeoutException(message, screen, stacktrace)\nE       selenium.common.exceptions.TimeoutException: Message: \nE       Stacktrace:\nE       \tGetHandleVerifier [0x007DD933+25811]\nE       \t(No symbol) [0x0076E314]\nE       \t(No symbol) [0x00662523]\nE       \t(No symbol) [0x006A7483]\nE       \t(No symbol) [0x006A765B]\nE       \t(No symbol) [0x006E6BA2]\nE       \t(No symbol) [0x006CAD74]\nE       \t(No symbol) [0x006E46F0]\nE       \t(No symbol) [0x006CAAC6]\nE       \t(No symbol) [0x0069BEFD]\nE       \t(No symbol) [0x0069C8FD]\nE       \tGetHandleVerifier [0x00AAF143+2981091]\nE       \tGetHandleVerifier [0x00B02FF9+3324825]\nE       \tGetHandleVerifier [0x0086B32F+605903]\nE       \tGetHandleVerifier [0x00872CBC+637020]\nE       \t(No symbol) [0x00776F4D]\nE       \t(No symbol) [0x00773DD8]\nE       \t(No symbol) [0x00773F75]\nE       \t(No symbol) [0x00766406]\nE       \t(No symbol) [0x76AB7BA9]\nE       \tRtlInitializeExceptionChain [0x776BBDAB+107]\nE       \tRtlClearBits [0x776BBD2F+191]\n\n..\\..\\AppData\\Local\\Programs\\Python\\Python311\\Lib\\site-packages\\selenium\\webdriver\\support\\wait.py:95: TimeoutException"}, "attachments": [{"name": "log", "source": "4e6719ac-3291-41b5-98c7-be69bc1bfe80-attachment.txt", "type": "text/plain"}], "start": 1726679715885, "stop": 1726679751331, "uuid": "fc908afc-9cb1-49c0-9269-6c4666d84599", "historyId": "e4beaf5762b39aabee961b3e5044a5f9", "testCaseId": "e4beaf5762b39aabee961b3e5044a5f9", "fullName": "test_pmCloneQuote.Test_CreateQuote#test_createPMQuote", "labels": [{"name": "tag", "value": "pm"}, {"name": "suite", "value": "test_pmCloneQuote"}, {"name": "subSuite", "value": "Test_CreateQuote"}, {"name": "host", "value": "OPGLOOJEYINKA"}, {"name": "thread", "value": "30408-MainThread"}, {"name": "framework", "value": "pytest"}, {"name": "language", "value": "cpython3"}, {"name": "package", "value": "test_pmCloneQuote"}]}