{"name": "test_Opportunity", "status": "failed", "statusDetails": {"message": "AssertionError: Failed to switch to the New Opportunity window.\nassert 'New Opportunity' in 'Georgia Aquarium For Testing | Salesforce'\n +  where 'Georgia Aquarium For Testing | Salesforce' = <selenium.webdriver.chrome.webdriver.WebDriver (session=\"08b92a67cc7bc0092cc5cff3c05f1e82\")>.title\n +    where <selenium.webdriver.chrome.webdriver.WebDriver (session=\"08b92a67cc7bc0092cc5cff3c05f1e82\")> = <testCases.test_salesOpportunity.Test_SalesOpportunity object at 0x000002334A110450>.driver", "trace": "self = <testCases.test_salesOpportunity.Test_SalesOpportunity object at 0x000002334A110450>\nsetup = <selenium.webdriver.chrome.webdriver.WebDriver (session=\"08b92a67cc7bc0092cc5cff3c05f1e82\")>\n\n    @pytest.mark.sales\n    def test_Opportunity(self, setup):\n        self.logger.info(\"*****Starting The Sales Opportunity Test*****\")\n        # Call the Browser Configuration\n        self.logger.info(\"*****Call the Browser Configuration*****\")\n        self.driver = setup\n        self.driver.implicitly_wait(10)\n        # Open the Website URL\n        self.logger.info(\"*****Open the Website URL*****\")\n        self.driver.get(self.baseURL)\n        # assert self.driver.current_window_handle == self.baseURL, \"Failed to open the website URL.\"\n        # Fit the browser screen\n        self.logger.info(\"*****Fit the browser screen*****\")\n        self.driver.maximize_window()\n        # Define LoginPage Driver\n        self.logger.info(\"*****Define LoginPage Driver*****\")\n        self.lp = LoginPage(self.driver)\n        # Fill the UserName field\n        self.logger.info(\"*****Fill the UserName field*****\")\n        self.lp.setUserName(self.username)\n        # Fill the Password field\n        self.logger.info(\"*****Fill the Password field*****\")\n        self.lp.setPassword(self.password)\n        # Click on the Signin Button\n        self.logger.info(\"*****Click the Signin Button*****\")\n        self.lp.clickSignin()\n        time.sleep(7)\n        assert \"Home | Salesforce\" in self.driver.title, \"Failed to log in; Home | Salesforce page not displayed.\"\n    \n        self.Op = OpportunityPage(self.driver)\n        windowsIDs = self.driver.window_handles\n        parentwindowid = windowsIDs[0]\n        childwindowid = windowsIDs[1]\n        print(parentwindowid, childwindowid)\n        # Click the Account Tab\n        self.logger.info(\"*****Click the Account Tab*****\")\n        self.Op.clickAccountTab()\n        time.sleep(3)\n        assert \"Accounts\" in self.driver.title, \"Failed to navigate to the Account tab.\"\n        # Click the Account Name\n        self.logger.info(\"*****Click the Account Name*****\")\n        self.Op.clickAccountName()\n        time.sleep(3)\n        self.driver.execute_script(\"window.scrollBy(0, 220)\")\n        time.sleep(5)\n        # Click the Location Name\n        self.logger.info(\"*****Click the Location Name*****\")\n        self.Op.clickLocationUat()\n        # Click the New Opportunity Button\n        self.logger.info(\"*****Click the New Opportunity Button*****\")\n        self.Op.clickNewOpp()\n        time.sleep(5)\n        # Switch to the New Opportunity Window\n        self.logger.info(\"*****Switch to the New Opportunity Window*****\")\n        self.driver.switch_to.window(childwindowid)\n        time.sleep(5)\n>       assert \"New Opportunity\" in self.driver.title, \"Failed to switch to the New Opportunity window.\"\nE       AssertionError: Failed to switch to the New Opportunity window.\nE       assert 'New Opportunity' in 'Georgia Aquarium For Testing | Salesforce'\nE        +  where 'Georgia Aquarium For Testing | Salesforce' = <selenium.webdriver.chrome.webdriver.WebDriver (session=\"08b92a67cc7bc0092cc5cff3c05f1e82\")>.title\nE        +    where <selenium.webdriver.chrome.webdriver.WebDriver (session=\"08b92a67cc7bc0092cc5cff3c05f1e82\")> = <testCases.test_salesOpportunity.Test_SalesOpportunity object at 0x000002334A110450>.driver\n\ntestCases\\test_salesOpportunity.py:86: AssertionError"}, "attachments": [{"name": "log", "source": "1742f871-5e15-418c-88ef-dcbc365a7262-attachment.txt", "type": "text/plain"}, {"name": "stdout", "source": "b0905ddc-c369-41b4-a05a-21b46fd0c98f-attachment.txt", "type": "text/plain"}], "start": 1730738968912, "stop": 1730739009551, "uuid": "917c60f7-975b-473e-ba59-77e2dd5c16d2", "historyId": "d08e0d5dbdba94461afb41669c70da53", "testCaseId": "d08e0d5dbdba94461afb41669c70da53", "fullName": "test_salesOpportunity.Test_SalesOpportunity#test_Opportunity", "labels": [{"name": "tag", "value": "sales"}, {"name": "suite", "value": "test_salesOpportunity"}, {"name": "subSuite", "value": "Test_SalesOpportunity"}, {"name": "host", "value": "OPGLOOJEYINKA"}, {"name": "thread", "value": "29272-MainThread"}, {"name": "framework", "value": "pytest"}, {"name": "language", "value": "cpython3"}, {"name": "package", "value": "test_salesOpportunity"}]}