{"name": "test_SalesDocuSign", "status": "broken", "statusDetails": {"message": "selenium.common.exceptions.TimeoutException: Message: \nStacktrace:\n\tGetHandleVerifier [0x010FD933+25811]\n\t(No symbol) [0x0108E314]\n\t(No symbol) [0x00F82523]\n\t(No symbol) [0x00FC7483]\n\t(No symbol) [0x00FC765B]\n\t(No symbol) [0x01006BA2]\n\t(No symbol) [0x00FEAD74]\n\t(No symbol) [0x010046F0]\n\t(No symbol) [0x00FEAAC6]\n\t(No symbol) [0x00FBBEFD]\n\t(No symbol) [0x00FBC8FD]\n\tGetHandleVerifier [0x013CF143+2981091]\n\tGetHandleVerifier [0x01422FF9+3324825]\n\tGetHandleVerifier [0x0118B32F+605903]\n\tGetHandleVerifier [0x01192CBC+637020]\n\t(No symbol) [0x01096F4D]\n\t(No symbol) [0x01093DD8]\n\t(No symbol) [0x01093F75]\n\t(No symbol) [0x01086406]\n\t(No symbol) [0x76AB7BA9]\n\tRtlInitializeExceptionChain [0x776BBDAB+107]\n\tRtlClearBits [0x776BBD2F+191]", "trace": "self = <testCases.test_salesDocuSign.Test_SalesDocuSign object at 0x000001C280058A50>\nsetup = <selenium.webdriver.chrome.webdriver.WebDriver (session=\"00ac34600699529d9791a633b254158f\")>\n\n    @pytest.mark.sale2e\n    def test_SalesDocuSign(self, setup):\n        self.logger.info(\"*****Starting The Quote -> DocuSign Test*****\")\n        # Call the Browser Configuration\n        self.logger.info(\"*****Call the Browser Configuration*****\")\n        self.driver = setup\n        self.driver.implicitly_wait(10)\n        # Open the Website URL\n        self.logger.info(\"*****Open the Website URL*****\")\n        self.driver.get(self.baseURL)\n        # Fit the browser screen\n        self.logger.info(\"*****Fit the browser screen*****\")\n        self.driver.maximize_window()\n        # Define LoginPage Driver\n        self.logger.info(\"*****Define LoginPage Driver*****\")\n        self.lp = LoginPage(self.driver)\n        # Fill the UserName field\n        self.logger.info(\"*****Fill the UserName field*****\")\n        self.lp.setUserName(self.username)\n        # Fill the Password field\n        self.logger.info(\"*****Fill the Password field*****\")\n        self.lp.setPassword(self.password)\n        # Click on the Signin Button\n        self.logger.info(\"*****Click the Signin Button*****\")\n        self.lp.clickSignin()\n        time.sleep(5)\n    \n        self.qp = QuotePage(self.driver)\n        self.logger.info(\"*****Starting The Quote Page Test*****\")\n        self.logger.info(\"*****Click The Quote Tab*****\")\n        self.qp.clickCpqQuoteTab()\n        time.sleep(5)\n        self.logger.info(\"*****Click The Sales Quote*****\")\n        self.qp.SalesQuote1()\n        time.sleep(5)\n        # self.logger.info(\"*****Click the Edit Lines Button*****\")\n        # self.qp.clickEditlines()\n        # time.sleep(7)\n        # self.logger.info(\"*****Switch to The Quote Line Editor*****\")\n        # self.driver.switch_to.frame(0)\n    \n        self.logger.info(\"*****Starting The Quote Line Editor Test*****\")\n        self.eqp = EditQuotePage(self.driver)\n        # self.logger.info(\"*****Click The Add Products Button *****\")\n        # self.eqp.AddProdButton()\n        # time.sleep(3)\n        # self.logger.info(\"*****Lookup a Sales Product*****\")\n        # self.eqp.SearchField(self.searchitem)\n        # time.sleep(3)\n        # self.logger.info(\"*****Search the Sales Product*****\")\n        # self.eqp.SearchButton()\n        # time.sleep(3)\n        # self.logger.info(\"*****Click The Apply Button*****\")\n        # self.eqp.ApplyButton()\n        # time.sleep(3)\n        # self.logger.info(\"*****Click the Product Checkbox*****\")\n        # self.eqp.ProductCheckbox()\n        # time.sleep(3)\n        # self.logger.info(\"*****Click the Select Button to Add the Product to the QLE*****\")\n        # self.eqp.SelectButton()\n        # time.sleep(3)\n        # self.logger.info(\"*****Click The Add Products Button *****\")\n        # self.eqp.AddProdButton()\n        # time.sleep(3)\n        # self.logger.info(\"*****Lookup a Sales Product*****\")\n        # self.eqp.SearchField(self.searchitem2)\n        # time.sleep(3)\n        # self.logger.info(\"*****Search the Sales Product*****\")\n        # self.eqp.SearchButton()\n        # time.sleep(3)\n        # self.logger.info(\"*****Click the Product Checkbox*****\")\n        # self.eqp.ProductCheckbox()\n        # time.sleep(3)\n        # self.logger.info(\"*****Click the Select Button to Add the Product to the QLE*****\")\n        # self.eqp.SelectButton()\n        # time.sleep(2)\n        # self.logger.info(\"*****Click The Add Products Button *****\")\n        # self.eqp.AddProdButton()\n        # time.sleep(3)\n        # self.logger.info(\"*****Lookup a Sales Product*****\")\n        # self.eqp.SearchField(self.searchitem3)\n        # time.sleep(3)\n        # self.logger.info(\"*****Click the Select Button to Add the Product to the QLE*****\")\n        # self.eqp.SearchButton()\n        # time.sleep(5)\n        # self.logger.info(\"*****Click the Product Checkbox*****\")\n        # self.eqp.ProductCheckbox()\n        # time.sleep(2)\n        # self.logger.info(\"*****Click the Select Button to Add the Product to the QLE*****\")\n        # self.eqp.SelectButton()\n        # time.sleep(5)\n        # self.logger.info(\"*****Click the Save Button*****\")\n        # self.eqp.SaveButton()\n        # time.sleep(4)\n        self.logger.info(\"*****Click the Submit For Approval Button*****\")\n        # self.qp.clickSubFApproval()\n        # time.sleep(7)\n        self.logger.info(\"*****Click the Generate Quote Button*****\")\n>       self.qp.clickGenQuote()\n\ntestCases\\test_salesDocuSign.py:124: \n_ _ _ _ _ _ _ _ _ _ _ _ _ _ _ _ _ _ _ _ _ _ _ _ _ _ _ _ _ _ _ _ _ _ _ _ _ _ _ _ _ _ _ _ _ _ _ _ _ _ _ _ _ _ _ _ _ _ _ _ _ _ _ _ _ _ _ _ _ _ _ _ _\nPages\\QuotePage.py:94: in clickGenQuote\n    genQ=WebDriverWait(self.driver, 20).until(EC.element_to_be_clickable((By.XPATH, \"//button[contains(text(),'Generate Quote')]\")))\n_ _ _ _ _ _ _ _ _ _ _ _ _ _ _ _ _ _ _ _ _ _ _ _ _ _ _ _ _ _ _ _ _ _ _ _ _ _ _ _ _ _ _ _ _ _ _ _ _ _ _ _ _ _ _ _ _ _ _ _ _ _ _ _ _ _ _ _ _ _ _ _ _\n\nself = <selenium.webdriver.support.wait.WebDriverWait (session=\"00ac34600699529d9791a633b254158f\")>\nmethod = <function element_to_be_clickable.<locals>._predicate at 0x000001C2800BA5C0>, message = ''\n\n    def until(self, method, message: str = \"\"):\n        \"\"\"Calls the method provided with the driver as an argument until the \\\n        return value does not evaluate to ``False``.\n    \n        :param method: callable(WebDriver)\n        :param message: optional message for :exc:`TimeoutException`\n        :returns: the result of the last call to `method`\n        :raises: :exc:`selenium.common.exceptions.TimeoutException` if timeout occurs\n        \"\"\"\n        screen = None\n        stacktrace = None\n    \n        end_time = time.monotonic() + self._timeout\n        while True:\n            try:\n                value = method(self._driver)\n                if value:\n                    return value\n            except self._ignored_exceptions as exc:\n                screen = getattr(exc, \"screen\", None)\n                stacktrace = getattr(exc, \"stacktrace\", None)\n            time.sleep(self._poll)\n            if time.monotonic() > end_time:\n                break\n>       raise TimeoutException(message, screen, stacktrace)\nE       selenium.common.exceptions.TimeoutException: Message: \nE       Stacktrace:\nE       \tGetHandleVerifier [0x010FD933+25811]\nE       \t(No symbol) [0x0108E314]\nE       \t(No symbol) [0x00F82523]\nE       \t(No symbol) [0x00FC7483]\nE       \t(No symbol) [0x00FC765B]\nE       \t(No symbol) [0x01006BA2]\nE       \t(No symbol) [0x00FEAD74]\nE       \t(No symbol) [0x010046F0]\nE       \t(No symbol) [0x00FEAAC6]\nE       \t(No symbol) [0x00FBBEFD]\nE       \t(No symbol) [0x00FBC8FD]\nE       \tGetHandleVerifier [0x013CF143+2981091]\nE       \tGetHandleVerifier [0x01422FF9+3324825]\nE       \tGetHandleVerifier [0x0118B32F+605903]\nE       \tGetHandleVerifier [0x01192CBC+637020]\nE       \t(No symbol) [0x01096F4D]\nE       \t(No symbol) [0x01093DD8]\nE       \t(No symbol) [0x01093F75]\nE       \t(No symbol) [0x01086406]\nE       \t(No symbol) [0x76AB7BA9]\nE       \tRtlInitializeExceptionChain [0x776BBDAB+107]\nE       \tRtlClearBits [0x776BBD2F+191]\n\n..\\..\\AppData\\Local\\Programs\\Python\\Python311\\Lib\\site-packages\\selenium\\webdriver\\support\\wait.py:95: TimeoutException"}, "attachments": [{"name": "log", "source": "c2b1c8f4-e7cd-45b4-b11e-7965a8cee892-attachment.txt", "type": "text/plain"}], "start": 1726495655437, "stop": 1726495702178, "uuid": "49c48189-4b21-45a3-83f4-4f381da8aac0", "historyId": "c9745db50da899dc58fdca2a173627a4", "testCaseId": "c9745db50da899dc58fdca2a173627a4", "fullName": "test_salesDocuSign.Test_SalesDocuSign#test_SalesDocuSign", "labels": [{"name": "tag", "value": "sale2e"}, {"name": "suite", "value": "test_salesDocuSign"}, {"name": "subSuite", "value": "Test_SalesDocuSign"}, {"name": "host", "value": "OPGLOOJEYINKA"}, {"name": "thread", "value": "19192-MainThread"}, {"name": "framework", "value": "pytest"}, {"name": "language", "value": "cpython3"}, {"name": "package", "value": "test_salesDocuSign"}]}