{"name": "test_Opportunity[1-3]", "status": "broken", "statusDetails": {"message": "selenium.common.exceptions.TimeoutException: Message: \nStacktrace:\n\tGetHandleVerifier [0x00BED933+25811]\n\t(No symbol) [0x00B7E314]\n\t(No symbol) [0x00A72523]\n\t(No symbol) [0x00AB7483]\n\t(No symbol) [0x00AB765B]\n\t(No symbol) [0x00AF6BA2]\n\t(No symbol) [0x00ADAD74]\n\t(No symbol) [0x00AF46F0]\n\t(No symbol) [0x00ADAAC6]\n\t(No symbol) [0x00AABEFD]\n\t(No symbol) [0x00AAC8FD]\n\tGetHandleVerifier [0x00EBF143+2981091]\n\tGetHandleVerifier [0x00F12FF9+3324825]\n\tGetHandleVerifier [0x00C7B32F+605903]\n\tGetHandleVerifier [0x00C82CBC+637020]\n\t(No symbol) [0x00B86F4D]\n\t(No symbol) [0x00B83DD8]\n\t(No symbol) [0x00B83F75]\n\t(No symbol) [0x00B76406]\n\t(No symbol) [0x76AB7BA9]\n\tRtlInitializeExceptionChain [0x776BBDAB+107]\n\tRtlClearBits [0x776BBD2F+191]", "trace": "self = <testCases.test_salesOpportunity.Test_SalesOpportunity object at 0x00000184FEA7EB10>\nsetup = <selenium.webdriver.chrome.webdriver.WebDriver (session=\"dc54ca4534658952dff145455ada0e1d\")>\n\n    @pytest.mark.sales\n    def test_Opportunity(self, setup):\n        self.logger.info(\"*****Starting The Sales Opportunity Test*****\")\n        # Call the Browser Configuration\n        self.logger.info(\"*****Call the Browser Configuration*****\")\n        self.driver = setup\n        self.driver.implicitly_wait(10)\n        # Open the Website URL\n        self.logger.info(\"*****Open the Website URL*****\")\n        self.driver.get(self.baseURL)\n        # Fit the browser screen\n        self.logger.info(\"*****Fit the browser screen*****\")\n        self.driver.maximize_window()\n        # Define LoginPage Driver\n        self.logger.info(\"*****Define LoginPage Driver*****\")\n        self.lp = LoginPage(self.driver)\n        # Fill the UserName field\n        self.logger.info(\"*****Fill the UserName field*****\")\n        self.lp.setUserName(self.username)\n        # Fill the Password field\n        self.logger.info(\"*****Fill the Password field*****\")\n        self.lp.setPassword(self.password)\n        # Click on the Signin Button\n        self.logger.info(\"*****Click the Signin Button*****\")\n        self.lp.clickSignin()\n        time.sleep(7)\n    \n        self.Op = OpportunityPage(self.driver)\n        windowsIDs = self.driver.window_handles\n        parentwindowid = windowsIDs[0]\n        childwindowid = windowsIDs[1]\n        print(parentwindowid, childwindowid)\n        # Click the Account Tab\n        self.logger.info(\"*****Click the Account Tab*****\")\n        self.Op.clickAccountTab()\n        time.sleep(3)\n        # Click the Account Name\n        self.logger.info(\"*****Click the Account Name*****\")\n        self.Op.clickAccountName()\n        time.sleep(3)\n        self.driver.execute_script(\"window.scrollBy(0, 190)\")\n        time.sleep(5)\n        # Click the Location Name\n        self.logger.info(\"*****Click the Location Name*****\")\n>       self.Op.clickLocationUat()\n\ntestCases\\test_salesOpportunity.py:74: \n_ _ _ _ _ _ _ _ _ _ _ _ _ _ _ _ _ _ _ _ _ _ _ _ _ _ _ _ _ _ _ _ _ _ _ _ _ _ _ _ _ _ _ _ _ _ _ _ _ _ _ _ _ _ _ _ _ _ _ _ _ _ _ _ _ _ _ _ _ _ _ _ _\nPages\\OpportunityPage.py:39: in clickLocationUat\n    location=WebDriverWait(self.driver, 10).until(EC.element_to_be_clickable((By.XPATH, \"//a[contains(text(),'Georgia Aquarium (Unknown) 357 Luckie Street North')]\")))\n_ _ _ _ _ _ _ _ _ _ _ _ _ _ _ _ _ _ _ _ _ _ _ _ _ _ _ _ _ _ _ _ _ _ _ _ _ _ _ _ _ _ _ _ _ _ _ _ _ _ _ _ _ _ _ _ _ _ _ _ _ _ _ _ _ _ _ _ _ _ _ _ _\n\nself = <selenium.webdriver.support.wait.WebDriverWait (session=\"dc54ca4534658952dff145455ada0e1d\")>\nmethod = <function element_to_be_clickable.<locals>._predicate at 0x00000184FFD9A340>, message = ''\n\n    def until(self, method, message: str = \"\"):\n        \"\"\"Calls the method provided with the driver as an argument until the \\\n        return value does not evaluate to ``False``.\n    \n        :param method: callable(WebDriver)\n        :param message: optional message for :exc:`TimeoutException`\n        :returns: the result of the last call to `method`\n        :raises: :exc:`selenium.common.exceptions.TimeoutException` if timeout occurs\n        \"\"\"\n        screen = None\n        stacktrace = None\n    \n        end_time = time.monotonic() + self._timeout\n        while True:\n            try:\n                value = method(self._driver)\n                if value:\n                    return value\n            except self._ignored_exceptions as exc:\n                screen = getattr(exc, \"screen\", None)\n                stacktrace = getattr(exc, \"stacktrace\", None)\n            time.sleep(self._poll)\n            if time.monotonic() > end_time:\n                break\n>       raise TimeoutException(message, screen, stacktrace)\nE       selenium.common.exceptions.TimeoutException: Message: \nE       Stacktrace:\nE       \tGetHandleVerifier [0x00BED933+25811]\nE       \t(No symbol) [0x00B7E314]\nE       \t(No symbol) [0x00A72523]\nE       \t(No symbol) [0x00AB7483]\nE       \t(No symbol) [0x00AB765B]\nE       \t(No symbol) [0x00AF6BA2]\nE       \t(No symbol) [0x00ADAD74]\nE       \t(No symbol) [0x00AF46F0]\nE       \t(No symbol) [0x00ADAAC6]\nE       \t(No symbol) [0x00AABEFD]\nE       \t(No symbol) [0x00AAC8FD]\nE       \tGetHandleVerifier [0x00EBF143+2981091]\nE       \tGetHandleVerifier [0x00F12FF9+3324825]\nE       \tGetHandleVerifier [0x00C7B32F+605903]\nE       \tGetHandleVerifier [0x00C82CBC+637020]\nE       \t(No symbol) [0x00B86F4D]\nE       \t(No symbol) [0x00B83DD8]\nE       \t(No symbol) [0x00B83F75]\nE       \t(No symbol) [0x00B76406]\nE       \t(No symbol) [0x76AB7BA9]\nE       \tRtlInitializeExceptionChain [0x776BBDAB+107]\nE       \tRtlClearBits [0x776BBD2F+191]\n\n..\\..\\AppData\\Local\\Programs\\Python\\Python311\\Lib\\site-packages\\selenium\\webdriver\\support\\wait.py:95: TimeoutException"}, "attachments": [{"name": "log", "source": "502655f2-87f5-41d4-90e2-870a7cc261dd-attachment.txt", "type": "text/plain"}, {"name": "stdout", "source": "fdf55382-804e-4f06-a9b6-9648a0b026e0-attachment.txt", "type": "text/plain"}], "parameters": [{"name": "__pytest_repeat_step_number", "value": "0"}], "start": 1726070093965, "stop": 1726070127317, "uuid": "7cb79f16-a179-4d5e-9823-13496c73a7df", "historyId": "36bec089a4fe42e23e651a8bde8250b0", "testCaseId": "d08e0d5dbdba94461afb41669c70da53", "fullName": "test_salesOpportunity.Test_SalesOpportunity#test_Opportunity", "labels": [{"name": "tag", "value": "sales"}, {"name": "suite", "value": "test_salesOpportunity"}, {"name": "subSuite", "value": "Test_SalesOpportunity"}, {"name": "host", "value": "OPGLOOJEYINKA"}, {"name": "thread", "value": "23756-MainThread"}, {"name": "framework", "value": "pytest"}, {"name": "language", "value": "cpython3"}, {"name": "package", "value": "test_salesOpportunity"}]}