{"name": "test_salesCheck", "status": "broken", "statusDetails": {"message": "selenium.common.exceptions.InvalidSelectorException: Message: invalid selector\nfrom javascript error: {\"status\":32,\"value\":\"Unable to locate an element with the xpath expression //span[@class'test-id__field-value slds-form-element__static slds-grow word-break-ie11'] because of the following error:\\nSyntaxError: Failed to execute 'evaluate' on 'Document': The string '//span[@class'test-id__field-value slds-form-element__static slds-grow word-break-ie11']' is not a valid XPath expression.\"}\n  (Session info: chrome=127.0.6533.120)\nStacktrace:\n\tGetHandleVerifier [0x00488923+23283]\n\t(No symbol) [0x0044E934]\n\t(No symbol) [0x00380733]\n\t(No symbol) [0x003860DF]\n\t(No symbol) [0x00387A88]\n\t(No symbol) [0x00387B00]\n\t(No symbol) [0x003C3027]\n\t(No symbol) [0x003C34AB]\n\t(No symbol) [0x003FEE42]\n\t(No symbol) [0x003E4464]\n\t(No symbol) [0x003FCB8D]\n\t(No symbol) [0x003E41B6]\n\t(No symbol) [0x003B8017]\n\t(No symbol) [0x003B890D]\n\tGetHandleVerifier [0x0057A5F3+1013699]\n\tGetHandleVerifier [0x00583E4C+1052700]\n\tGetHandleVerifier [0x0057D4B4+1025668]\n\tGetHandleVerifier [0x004AEA2B+179195]\n\t(No symbol) [0x00456833]\n\t(No symbol) [0x00453198]\n\t(No symbol) [0x00453337]\n\t(No symbol) [0x0044B4BE]\n\t(No symbol) [0x750D7BA9]\n\tRtlInitializeExceptionChain [0x7705BDAB+107]\n\tRtlClearBits [0x7705BD2F+191]", "trace": "self = <testCases.test_salesCheck.Test_SalesCheck object at 0x0000018D291B23D0>\nsetup = <selenium.webdriver.chrome.webdriver.WebDriver (session=\"d233af52bbd99bea5ade63d2ea79d6fa\")>\n\n    @pytest.mark.sales\n    def test_salesCheck(self, setup):\n        self.logger.info(\"*****Starting The Sales Opportunity Test*****\")\n        # Call the Browser Configuration\n        self.logger.info(\"*****Call the Browser Configuration*****\")\n        self.driver = setup\n        self.driver.implicitly_wait(10)\n        # Open the Website URL\n        self.logger.info(\"*****Open the Website URL*****\")\n        self.driver.get(self.baseURL)\n        # Fit the browser screen\n        self.logger.info(\"*****Fit the browser screen*****\")\n        self.driver.maximize_window()\n        # Define LoginPage Driver\n        self.logger.info(\"*****Define LoginPage Driver*****\")\n        self.lp = LoginPage(self.driver)\n        # Fill the UserName field\n        self.logger.info(\"*****Fill the UserName field*****\")\n        self.lp.setUserName(self.username)\n        # Fill the Password field\n        self.logger.info(\"*****Fill the Password field*****\")\n        self.lp.setPassword(self.password)\n        # Click on the Signin Button\n        self.logger.info(\"*****Click the Signin Button*****\")\n        self.lp.clickSignin()\n        time.sleep(7)\n    \n        self.qp = QuotePage(self.driver)\n        windowsIDs = self.driver.window_handles\n        parentwindowid = windowsIDs[0]\n        childwindowid = windowsIDs[1]\n        print(parentwindowid, childwindowid)\n        # Click the Opportunity Tab\n        self.qp.clickOpportunityTab()\n        time.sleep(3)\n        # Click on an Opportunity ID\n        self.qp.clickOpportunityIDSales()\n        time.sleep(3)\n        # assert \"expected_text\" in self.driver.find_element(By.XPATH, \"//span[@class='test-id__field-label'][normalize-space()='Stage']\").get_attribute(self.driver, \"Closed Won Pending\")\n        # assert self.driver.find_element(By.XPATH, \"//span[@class='test-id__field-label'][normalize-space()='Stage']\").text == 'Closed Won Pending'\n        # assert self.driver.find_element(By.XPATH, \"//span[@class='test-id__field-label'][normalize-space()='Stage']\").get_attribute(\"Closed Won Pending\") == \"Closed Won Pending\"\n        # input_field = self.driver.find_element(By.XPATH, \"//span[@class='test-id__field-label'][normalize-space()='Stage']\")\n>       stage = self.driver.find_element(By.XPATH, \"//span[@class'test-id__field-value slds-form-element__static slds-grow word-break-ie11']\").text\n\ntestCases\\test_salesCheck.py:72: \n_ _ _ _ _ _ _ _ _ _ _ _ _ _ _ _ _ _ _ _ _ _ _ _ _ _ _ _ _ _ _ _ _ _ _ _ _ _ _ _ _ _ _ _ _ _ _ _ _ _ _ _ _ _ _ _ _ _ _ _ _ _ _ _ _ _ _ _ _ _ _ _ _\n..\\..\\AppData\\Local\\Programs\\Python\\Python311\\Lib\\site-packages\\selenium\\webdriver\\remote\\webdriver.py:861: in find_element\n    return self.execute(Command.FIND_ELEMENT, {\"using\": by, \"value\": value})[\"value\"]\n..\\..\\AppData\\Local\\Programs\\Python\\Python311\\Lib\\site-packages\\selenium\\webdriver\\remote\\webdriver.py:444: in execute\n    self.error_handler.check_response(response)\n_ _ _ _ _ _ _ _ _ _ _ _ _ _ _ _ _ _ _ _ _ _ _ _ _ _ _ _ _ _ _ _ _ _ _ _ _ _ _ _ _ _ _ _ _ _ _ _ _ _ _ _ _ _ _ _ _ _ _ _ _ _ _ _ _ _ _ _ _ _ _ _ _\n\nself = <selenium.webdriver.remote.errorhandler.ErrorHandler object at 0x0000018D25AE0FD0>\nresponse = {'status': 400, 'value': '{\"value\":{\"error\":\"invalid selector\",\"message\":\"invalid selector\\\\nfrom javascript error: {\\...\\t(No symbol) [0x750D7BA9]\\\\n\\\\tRtlInitializeExceptionChain [0x7705BDAB+107]\\\\n\\\\tRtlClearBits [0x7705BD2F+191]\\\\n\"}}'}\n\n    def check_response(self, response: Dict[str, Any]) -> None:\n        \"\"\"\n        Checks that a JSON response from the WebDriver does not have an error.\n    \n        :Args:\n         - response - The JSON response from the WebDriver server as a dictionary\n           object.\n    \n        :Raises: If the response contains an error message.\n        \"\"\"\n        status = response.get(\"status\", None)\n        if not status or status == ErrorCode.SUCCESS:\n            return\n        value = None\n        message = response.get(\"message\", \"\")\n        screen: str = response.get(\"screen\", \"\")\n        stacktrace = None\n        if isinstance(status, int):\n            value_json = response.get(\"value\", None)\n            if value_json and isinstance(value_json, str):\n                import json\n    \n                try:\n                    value = json.loads(value_json)\n                    if len(value.keys()) == 1:\n                        value = value[\"value\"]\n                    status = value.get(\"error\", None)\n                    if not status:\n                        status = value.get(\"status\", ErrorCode.UNKNOWN_ERROR)\n                        message = value.get(\"value\") or value.get(\"message\")\n                        if not isinstance(message, str):\n                            value = message\n                            message = message.get(\"message\")\n                    else:\n                        message = value.get(\"message\", None)\n                except ValueError:\n                    pass\n    \n        exception_class: Type[WebDriverException]\n        if status in ErrorCode.NO_SUCH_ELEMENT:\n            exception_class = NoSuchElementException\n        elif status in ErrorCode.NO_SUCH_FRAME:\n            exception_class = NoSuchFrameException\n        elif status in ErrorCode.NO_SUCH_SHADOW_ROOT:\n            exception_class = NoSuchShadowRootException\n        elif status in ErrorCode.NO_SUCH_WINDOW:\n            exception_class = NoSuchWindowException\n        elif status in ErrorCode.STALE_ELEMENT_REFERENCE:\n            exception_class = StaleElementReferenceException\n        elif status in ErrorCode.ELEMENT_NOT_VISIBLE:\n            exception_class = ElementNotVisibleException\n        elif status in ErrorCode.INVALID_ELEMENT_STATE:\n            exception_class = InvalidElementStateException\n        elif (\n            status in ErrorCode.INVALID_SELECTOR\n            or status in ErrorCode.INVALID_XPATH_SELECTOR\n            or status in ErrorCode.INVALID_XPATH_SELECTOR_RETURN_TYPER\n        ):\n            exception_class = InvalidSelectorException\n        elif status in ErrorCode.ELEMENT_IS_NOT_SELECTABLE:\n            exception_class = ElementNotSelectableException\n        elif status in ErrorCode.ELEMENT_NOT_INTERACTABLE:\n            exception_class = ElementNotInteractableException\n        elif status in ErrorCode.INVALID_COOKIE_DOMAIN:\n            exception_class = InvalidCookieDomainException\n        elif status in ErrorCode.UNABLE_TO_SET_COOKIE:\n            exception_class = UnableToSetCookieException\n        elif status in ErrorCode.TIMEOUT:\n            exception_class = TimeoutException\n        elif status in ErrorCode.SCRIPT_TIMEOUT:\n            exception_class = TimeoutException\n        elif status in ErrorCode.UNKNOWN_ERROR:\n            exception_class = WebDriverException\n        elif status in ErrorCode.UNEXPECTED_ALERT_OPEN:\n            exception_class = UnexpectedAlertPresentException\n        elif status in ErrorCode.NO_ALERT_OPEN:\n            exception_class = NoAlertPresentException\n        elif status in ErrorCode.IME_NOT_AVAILABLE:\n            exception_class = ImeNotAvailableException\n        elif status in ErrorCode.IME_ENGINE_ACTIVATION_FAILED:\n            exception_class = ImeActivationFailedException\n        elif status in ErrorCode.MOVE_TARGET_OUT_OF_BOUNDS:\n            exception_class = MoveTargetOutOfBoundsException\n        elif status in ErrorCode.JAVASCRIPT_ERROR:\n            exception_class = JavascriptException\n        elif status in ErrorCode.SESSION_NOT_CREATED:\n            exception_class = SessionNotCreatedException\n        elif status in ErrorCode.INVALID_ARGUMENT:\n            exception_class = InvalidArgumentException\n        elif status in ErrorCode.NO_SUCH_COOKIE:\n            exception_class = NoSuchCookieException\n        elif status in ErrorCode.UNABLE_TO_CAPTURE_SCREEN:\n            exception_class = ScreenshotException\n        elif status in ErrorCode.ELEMENT_CLICK_INTERCEPTED:\n            exception_class = ElementClickInterceptedException\n        elif status in ErrorCode.INSECURE_CERTIFICATE:\n            exception_class = InsecureCertificateException\n        elif status in ErrorCode.INVALID_COORDINATES:\n            exception_class = InvalidCoordinatesException\n        elif status in ErrorCode.INVALID_SESSION_ID:\n            exception_class = InvalidSessionIdException\n        elif status in ErrorCode.UNKNOWN_METHOD:\n            exception_class = UnknownMethodException\n        else:\n            exception_class = WebDriverException\n        if not value:\n            value = response[\"value\"]\n        if isinstance(value, str):\n            raise exception_class(value)\n        if message == \"\" and \"message\" in value:\n            message = value[\"message\"]\n    \n        screen = None  # type: ignore[assignment]\n        if \"screen\" in value:\n            screen = value[\"screen\"]\n    \n        stacktrace = None\n        st_value = value.get(\"stackTrace\") or value.get(\"stacktrace\")\n        if st_value:\n            if isinstance(st_value, str):\n                stacktrace = st_value.split(\"\\n\")\n            else:\n                stacktrace = []\n                try:\n                    for frame in st_value:\n                        line = frame.get(\"lineNumber\", \"\")\n                        file = frame.get(\"fileName\", \"<anonymous>\")\n                        if line:\n                            file = f\"{file}:{line}\"\n                        meth = frame.get(\"methodName\", \"<anonymous>\")\n                        if \"className\" in frame:\n                            meth = \"{}.{}\".format(frame[\"className\"], meth)\n                        msg = \"    at %s (%s)\"\n                        msg = msg % (meth, file)\n                        stacktrace.append(msg)\n                except TypeError:\n                    pass\n        if exception_class == UnexpectedAlertPresentException:\n            alert_text = None\n            if \"data\" in value:\n                alert_text = value[\"data\"].get(\"text\")\n            elif \"alert\" in value:\n                alert_text = value[\"alert\"].get(\"text\")\n            raise exception_class(message, screen, stacktrace, alert_text)  # type: ignore[call-arg]  # mypy is not smart enough here\n>       raise exception_class(message, screen, stacktrace)\nE       selenium.common.exceptions.InvalidSelectorException: Message: invalid selector\nE       from javascript error: {\"status\":32,\"value\":\"Unable to locate an element with the xpath expression //span[@class'test-id__field-value slds-form-element__static slds-grow word-break-ie11'] because of the following error:\\nSyntaxError: Failed to execute 'evaluate' on 'Document': The string '//span[@class'test-id__field-value slds-form-element__static slds-grow word-break-ie11']' is not a valid XPath expression.\"}\nE         (Session info: chrome=127.0.6533.120)\nE       Stacktrace:\nE       \tGetHandleVerifier [0x00488923+23283]\nE       \t(No symbol) [0x0044E934]\nE       \t(No symbol) [0x00380733]\nE       \t(No symbol) [0x003860DF]\nE       \t(No symbol) [0x00387A88]\nE       \t(No symbol) [0x00387B00]\nE       \t(No symbol) [0x003C3027]\nE       \t(No symbol) [0x003C34AB]\nE       \t(No symbol) [0x003FEE42]\nE       \t(No symbol) [0x003E4464]\nE       \t(No symbol) [0x003FCB8D]\nE       \t(No symbol) [0x003E41B6]\nE       \t(No symbol) [0x003B8017]\nE       \t(No symbol) [0x003B890D]\nE       \tGetHandleVerifier [0x0057A5F3+1013699]\nE       \tGetHandleVerifier [0x00583E4C+1052700]\nE       \tGetHandleVerifier [0x0057D4B4+1025668]\nE       \tGetHandleVerifier [0x004AEA2B+179195]\nE       \t(No symbol) [0x00456833]\nE       \t(No symbol) [0x00453198]\nE       \t(No symbol) [0x00453337]\nE       \t(No symbol) [0x0044B4BE]\nE       \t(No symbol) [0x750D7BA9]\nE       \tRtlInitializeExceptionChain [0x7705BDAB+107]\nE       \tRtlClearBits [0x7705BD2F+191]\n\n..\\..\\AppData\\Local\\Programs\\Python\\Python311\\Lib\\site-packages\\selenium\\webdriver\\remote\\errorhandler.py:249: InvalidSelectorException"}, "attachments": [{"name": "log", "source": "20a2d35c-89b2-4364-95c5-59558332fd5f-attachment.txt", "type": "text/plain"}, {"name": "stdout", "source": "363cb8a8-ae00-4c29-96c5-2925fc677fc1-attachment.txt", "type": "text/plain"}], "start": 1724346967942, "stop": 1724346986307, "uuid": "a43ad2c6-589a-4c3b-b7bf-072f4288d36f", "historyId": "5fee88f8c11c6d1c530a22c8975e4478", "testCaseId": "5fee88f8c11c6d1c530a22c8975e4478", "fullName": "test_salesCheck.Test_SalesCheck#test_salesCheck", "labels": [{"name": "tag", "value": "sales"}, {"name": "suite", "value": "test_salesCheck"}, {"name": "subSuite", "value": "Test_SalesCheck"}, {"name": "host", "value": "OPGLOOJEYINKA"}, {"name": "thread", "value": "14816-MainThread"}, {"name": "framework", "value": "pytest"}, {"name": "language", "value": "cpython3"}, {"name": "package", "value": "test_salesCheck"}]}