{"name": "test_Opportunity", "status": "broken", "statusDetails": {"message": "selenium.common.exceptions.TimeoutException: Message: \nStacktrace:\n\tGetHandleVerifier [0x010333E3+25059]\n\t(No symbol) [0x00FBCDE4]\n\t(No symbol) [0x00E9BEC3]\n\t(No symbol) [0x00EDFD86]\n\t(No symbol) [0x00EDFFCB]\n\t(No symbol) [0x00F1D952]\n\t(No symbol) [0x00F01F44]\n\t(No symbol) [0x00F1B51E]\n\t(No symbol) [0x00F01C96]\n\t(No symbol) [0x00ED3FAC]\n\t(No symbol) [0x00ED4F3D]\n\tGetHandleVerifier [0x01325543+3113795]\n\tGetHandleVerifier [0x0133A20A+3198986]\n\tGetHandleVerifier [0x013329E2+3168226]\n\tGetHandleVerifier [0x010D3250+680016]\n\t(No symbol) [0x00FC572D]\n\t(No symbol) [0x00FC29D8]\n\t(No symbol) [0x00FC2B75]\n\t(No symbol) [0x00FB57D0]\n\t(No symbol) [0x762A7BA9]\n\tRtlInitializeExceptionChain [0x7759BDAB+107]\n\tRtlClearBits [0x7759BD2F+191]", "trace": "self = <testCases.test_salesOpportunity.Test_SalesOpportunity object at 0x00000266BD5B65D0>\nsetup = <selenium.webdriver.chrome.webdriver.WebDriver (session=\"ac35b489496aabc8d8de74e3abb626ed\")>\n\n    @pytest.mark.sales\n    def test_Opportunity(self, setup):\n        self.logger.info(\"*****Starting The Sales Opportunity Test*****\")\n        # Call the Browser Configuration\n        self.logger.info(\"*****Call the Browser Configuration*****\")\n        self.driver = setup\n        self.driver.implicitly_wait(10)\n        # Open the Website URL\n        self.logger.info(\"*****Open the Website URL*****\")\n        self.driver.get(self.baseURL)\n        # assert self.driver.current_window_handle == self.baseURL, \"Failed to open the website URL.\"\n        # Fit the browser screen\n        self.logger.info(\"*****Fit the browser screen*****\")\n        self.driver.maximize_window()\n        # Define LoginPage Driver\n        self.logger.info(\"*****Define LoginPage Driver*****\")\n        self.lp = LoginPage(self.driver)\n        # Fill the UserName field\n        self.logger.info(\"*****Fill the UserName field*****\")\n        self.lp.setUserName(self.username)\n        # Fill the Password field\n        self.logger.info(\"*****Fill the Password field*****\")\n        self.lp.setPassword(self.password)\n        # Click on the Signin Button\n        self.logger.info(\"*****Click the Signin Button*****\")\n        self.lp.clickSignin()\n        time.sleep(7)\n        assert \"Home | Salesforce\" in self.driver.title, \"Failed to log in; Home | Salesforce page not displayed.\"\n    \n        self.Op = OpportunityPage(self.driver)\n        windowsIDs = self.driver.window_handles\n        parentwindowid = windowsIDs[0]\n        childwindowid = windowsIDs[1]\n        print(parentwindowid, childwindowid)\n        # Click the Account Tab\n        self.logger.info(\"*****Click the Account Tab*****\")\n        self.Op.clickAccountTab()\n        time.sleep(3)\n        # assert \"Accounts\" in self.driver.title, \"Failed to navigate to the Account tab.\"\n        # Click the Account Name\n        self.logger.info(\"*****Click the Account Name*****\")\n>       self.Op.clickAccountName()\n\ntestCases\\test_salesOpportunity.py:71: \n_ _ _ _ _ _ _ _ _ _ _ _ _ _ _ _ _ _ _ _ _ _ _ _ _ _ _ _ _ _ _ _ _ _ _ _ _ _ _ _ _ _ _ _ _ _ _ _ _ _ _ _ _ _ _ _ _ _ _ _ _ _ _ _ _ _ _ _ _ _ _ _ _\nPages\\OpportunityPage.py:23: in clickAccountName\n    account_name=WebDriverWait(self.driver, 10).until(EC.element_to_be_clickable((By.XPATH, \"//a[normalize-space()='Georgia Aquarium, INC.']\")))\n_ _ _ _ _ _ _ _ _ _ _ _ _ _ _ _ _ _ _ _ _ _ _ _ _ _ _ _ _ _ _ _ _ _ _ _ _ _ _ _ _ _ _ _ _ _ _ _ _ _ _ _ _ _ _ _ _ _ _ _ _ _ _ _ _ _ _ _ _ _ _ _ _\n\nself = <selenium.webdriver.support.wait.WebDriverWait (session=\"ac35b489496aabc8d8de74e3abb626ed\")>\nmethod = <function element_to_be_clickable.<locals>._predicate at 0x00000266BC949F80>, message = ''\n\n    def until(self, method, message: str = \"\"):\n        \"\"\"Calls the method provided with the driver as an argument until the \\\n        return value does not evaluate to ``False``.\n    \n        :param method: callable(WebDriver)\n        :param message: optional message for :exc:`TimeoutException`\n        :returns: the result of the last call to `method`\n        :raises: :exc:`selenium.common.exceptions.TimeoutException` if timeout occurs\n        \"\"\"\n        screen = None\n        stacktrace = None\n    \n        end_time = time.monotonic() + self._timeout\n        while True:\n            try:\n                value = method(self._driver)\n                if value:\n                    return value\n            except self._ignored_exceptions as exc:\n                screen = getattr(exc, \"screen\", None)\n                stacktrace = getattr(exc, \"stacktrace\", None)\n            time.sleep(self._poll)\n            if time.monotonic() > end_time:\n                break\n>       raise TimeoutException(message, screen, stacktrace)\nE       selenium.common.exceptions.TimeoutException: Message: \nE       Stacktrace:\nE       \tGetHandleVerifier [0x010333E3+25059]\nE       \t(No symbol) [0x00FBCDE4]\nE       \t(No symbol) [0x00E9BEC3]\nE       \t(No symbol) [0x00EDFD86]\nE       \t(No symbol) [0x00EDFFCB]\nE       \t(No symbol) [0x00F1D952]\nE       \t(No symbol) [0x00F01F44]\nE       \t(No symbol) [0x00F1B51E]\nE       \t(No symbol) [0x00F01C96]\nE       \t(No symbol) [0x00ED3FAC]\nE       \t(No symbol) [0x00ED4F3D]\nE       \tGetHandleVerifier [0x01325543+3113795]\nE       \tGetHandleVerifier [0x0133A20A+3198986]\nE       \tGetHandleVerifier [0x013329E2+3168226]\nE       \tGetHandleVerifier [0x010D3250+680016]\nE       \t(No symbol) [0x00FC572D]\nE       \t(No symbol) [0x00FC29D8]\nE       \t(No symbol) [0x00FC2B75]\nE       \t(No symbol) [0x00FB57D0]\nE       \t(No symbol) [0x762A7BA9]\nE       \tRtlInitializeExceptionChain [0x7759BDAB+107]\nE       \tRtlClearBits [0x7759BD2F+191]\n\n..\\..\\AppData\\Local\\Programs\\Python\\Python311\\Lib\\site-packages\\selenium\\webdriver\\support\\wait.py:95: TimeoutException"}, "attachments": [{"name": "log", "source": "21ec8640-c60d-4f88-9b76-4fae2e963ed0-attachment.txt", "type": "text/plain"}, {"name": "stdout", "source": "4409abb4-6b2a-4b40-b16f-2cdb0081fd86-attachment.txt", "type": "text/plain"}], "start": 1732221111020, "stop": 1732221136990, "uuid": "8cfca798-92f2-4b60-aa92-bc11731760ec", "historyId": "d08e0d5dbdba94461afb41669c70da53", "testCaseId": "d08e0d5dbdba94461afb41669c70da53", "fullName": "test_salesOpportunity.Test_SalesOpportunity#test_Opportunity", "labels": [{"name": "tag", "value": "sales"}, {"name": "suite", "value": "test_salesOpportunity"}, {"name": "subSuite", "value": "Test_SalesOpportunity"}, {"name": "host", "value": "OPGLOOJEYINKA"}, {"name": "thread", "value": "31176-MainThread"}, {"name": "framework", "value": "pytest"}, {"name": "language", "value": "cpython3"}, {"name": "package", "value": "test_salesOpportunity"}]}