{"name": "test_PMAddProd", "status": "broken", "statusDetails": {"message": "selenium.common.exceptions.TimeoutException: Message: \nStacktrace:\n\tGetHandleVerifier [0x00958923+23283]\n\t(No symbol) [0x0091E934]\n\t(No symbol) [0x00850733]\n\t(No symbol) [0x0089326F]\n\t(No symbol) [0x008934AB]\n\t(No symbol) [0x008CEE42]\n\t(No symbol) [0x008B4464]\n\t(No symbol) [0x008CCB8D]\n\t(No symbol) [0x008B41B6]\n\t(No symbol) [0x00888017]\n\t(No symbol) [0x0088890D]\n\tGetHandleVerifier [0x00A4A5F3+1013699]\n\tGetHandleVerifier [0x00A53E4C+1052700]\n\tGetHandleVerifier [0x00A4D4B4+1025668]\n\tGetHandleVerifier [0x0097EA2B+179195]\n\t(No symbol) [0x00926833]\n\t(No symbol) [0x00923198]\n\t(No symbol) [0x00923337]\n\t(No symbol) [0x0091B4BE]\n\t(No symbol) [0x75487BA9]\n\tRtlInitializeExceptionChain [0x771ABDAB+107]\n\tRtlClearBits [0x771ABD2F+191]", "trace": "self = <testCases.test_pmAddProducts.Test_PMAddProducts object at 0x0000022F8D1B58D0>\nsetup = <selenium.webdriver.chrome.webdriver.WebDriver (session=\"23b1b5b15d90dc0194048f4a683b65b4\")>\n\n    @pytest.mark.pme2e\n    def test_PMAddProd(self, setup):\n        self.logger.info(\"*****Starting The Quote -> DocuSign Test*****\")\n        # Call the Browser Configuration\n        self.logger.info(\"*****Call the Browser Configuration*****\")\n        self.driver = setup\n        self.driver.implicitly_wait(10)\n        # Open the Website URL\n        self.logger.info(\"*****Open the Website URL*****\")\n        self.driver.get(self.baseURL)\n        # Fit the browser screen\n        self.logger.info(\"*****Fit the browser screen*****\")\n        self.driver.maximize_window()\n        # Define LoginPage Driver\n        self.logger.info(\"*****Define LoginPage Driver*****\")\n        self.lp = LoginPage(self.driver)\n        # Fill the UserName field\n        self.logger.info(\"*****Fill the UserName field*****\")\n        self.lp.setUserName(self.username)\n        # Fill the Password field\n        self.logger.info(\"*****Fill the Password field*****\")\n        self.lp.setPassword(self.password)\n        # Click on Signin Button\n        self.logger.info(\"*****Click the Signin Button*****\")\n        self.lp.clickSignin()\n        time.sleep(5)\n    \n        self.qp = QuotePage(self.driver)\n        self.logger.info(\"*****Starting The Quote Page Test*****\")\n        # Click the CPQ Quote Tab\n        self.qp.clickCpqQuoteTab()\n        time.sleep(5)\n        # Click the PM Quote\n        self.qp.PMQuote1()\n        time.sleep(2)\n        # Click the Edit Lines Button\n>       self.qp.clickEditlines()\n\ntestCases\\test_pmAddProducts.py:64: \n_ _ _ _ _ _ _ _ _ _ _ _ _ _ _ _ _ _ _ _ _ _ _ _ _ _ _ _ _ _ _ _ _ _ _ _ _ _ _ _ _ _ _ _ _ _ _ _ _ _ _ _ _ _ _ _ _ _ _ _ _ _ _ _ _ _ _ _ _ _ _ _ _\nPages\\QuotePage.py:73: in clickEditlines\n    editL=WebDriverWait(self.driver, 20).until(EC.element_to_be_clickable((By.XPATH, \"//button[contains(text(),'Edit Lines')]\")))\n_ _ _ _ _ _ _ _ _ _ _ _ _ _ _ _ _ _ _ _ _ _ _ _ _ _ _ _ _ _ _ _ _ _ _ _ _ _ _ _ _ _ _ _ _ _ _ _ _ _ _ _ _ _ _ _ _ _ _ _ _ _ _ _ _ _ _ _ _ _ _ _ _\n\nself = <selenium.webdriver.support.wait.WebDriverWait (session=\"23b1b5b15d90dc0194048f4a683b65b4\")>\nmethod = <function element_to_be_clickable.<locals>._predicate at 0x0000022F8C4F59E0>, message = ''\n\n    def until(self, method, message: str = \"\"):\n        \"\"\"Calls the method provided with the driver as an argument until the \\\n        return value does not evaluate to ``False``.\n    \n        :param method: callable(WebDriver)\n        :param message: optional message for :exc:`TimeoutException`\n        :returns: the result of the last call to `method`\n        :raises: :exc:`selenium.common.exceptions.TimeoutException` if timeout occurs\n        \"\"\"\n        screen = None\n        stacktrace = None\n    \n        end_time = time.monotonic() + self._timeout\n        while True:\n            try:\n                value = method(self._driver)\n                if value:\n                    return value\n            except self._ignored_exceptions as exc:\n                screen = getattr(exc, \"screen\", None)\n                stacktrace = getattr(exc, \"stacktrace\", None)\n            time.sleep(self._poll)\n            if time.monotonic() > end_time:\n                break\n>       raise TimeoutException(message, screen, stacktrace)\nE       selenium.common.exceptions.TimeoutException: Message: \nE       Stacktrace:\nE       \tGetHandleVerifier [0x00958923+23283]\nE       \t(No symbol) [0x0091E934]\nE       \t(No symbol) [0x00850733]\nE       \t(No symbol) [0x0089326F]\nE       \t(No symbol) [0x008934AB]\nE       \t(No symbol) [0x008CEE42]\nE       \t(No symbol) [0x008B4464]\nE       \t(No symbol) [0x008CCB8D]\nE       \t(No symbol) [0x008B41B6]\nE       \t(No symbol) [0x00888017]\nE       \t(No symbol) [0x0088890D]\nE       \tGetHandleVerifier [0x00A4A5F3+1013699]\nE       \tGetHandleVerifier [0x00A53E4C+1052700]\nE       \tGetHandleVerifier [0x00A4D4B4+1025668]\nE       \tGetHandleVerifier [0x0097EA2B+179195]\nE       \t(No symbol) [0x00926833]\nE       \t(No symbol) [0x00923198]\nE       \t(No symbol) [0x00923337]\nE       \t(No symbol) [0x0091B4BE]\nE       \t(No symbol) [0x75487BA9]\nE       \tRtlInitializeExceptionChain [0x771ABDAB+107]\nE       \tRtlClearBits [0x771ABD2F+191]\n\n..\\..\\AppData\\Local\\Programs\\Python\\Python311\\Lib\\site-packages\\selenium\\webdriver\\support\\wait.py:95: TimeoutException"}, "attachments": [{"name": "log", "source": "338b25ff-9678-4bbb-a736-3b5efaf2cb7b-attachment.txt", "type": "text/plain"}], "start": 1724271209491, "stop": 1724271247874, "uuid": "3b26d210-a99b-4ac7-af1f-7eb86b8f472f", "historyId": "b3fe6040659d9ab5d8c8fbb0aee30154", "testCaseId": "b3fe6040659d9ab5d8c8fbb0aee30154", "fullName": "test_pmAddProducts.Test_PMAddProducts#test_PMAddProd", "labels": [{"name": "tag", "value": "pme2e"}, {"name": "suite", "value": "test_pmAddProducts"}, {"name": "subSuite", "value": "Test_PMAddProducts"}, {"name": "host", "value": "OPGLOOJEYINKA"}, {"name": "thread", "value": "14100-MainThread"}, {"name": "framework", "value": "pytest"}, {"name": "language", "value": "cpython3"}, {"name": "package", "value": "test_pmAddProducts"}]}