{"name": "test_SalesLabor", "status": "broken", "statusDetails": {"message": "selenium.common.exceptions.NoSuchElementException: Message: no such element: Unable to locate element: {\"method\":\"css selector\",\"selector\":\"#div:nth-child(7) > div:nth-child(3) > iron-list:nth-child(1) > sb-table-row:nth-child(2)\"}\n  (Session info: chrome=129.0.6668.59)\nStacktrace:\n\tGetHandleVerifier [0x008583E3+25571]\n\t(No symbol) [0x007EA684]\n\t(No symbol) [0x006E2113]\n\t(No symbol) [0x00726FB2]\n\t(No symbol) [0x0072724B]\n\t(No symbol) [0x0071D191]\n\t(No symbol) [0x0074AC54]\n\t(No symbol) [0x0071D084]\n\t(No symbol) [0x0074AEA4]\n\t(No symbol) [0x00765349]\n\t(No symbol) [0x0074A9A6]\n\t(No symbol) [0x0071BAB6]\n\t(No symbol) [0x0071C50D]\n\tGetHandleVerifier [0x00B2C4A3+2991267]\n\tGetHandleVerifier [0x00B7D2C9+3322569]\n\tGetHandleVerifier [0x008E84D2+615634]\n\tGetHandleVerifier [0x008EFBFC+646140]\n\t(No symbol) [0x007F327D]\n\t(No symbol) [0x007F0188]\n\t(No symbol) [0x007F0325]\n\t(No symbol) [0x007E2826]\n\t(No symbol) [0x76077BA9]\n\tRtlInitializeExceptionChain [0x77ABBDAB+107]\n\tRtlClearBits [0x77ABBD2F+191]", "trace": "self = <testCases.test_salesLaborTravel.Test_SalesLaborTravel object at 0x0000020A44CF2F10>\nsetup = <selenium.webdriver.chrome.webdriver.WebDriver (session=\"de2bdde86c1bf61b2e4449a564f51f9d\")>\n\n    def test_SalesLabor(self, setup):\n        self.logger.info(\"*****Starting The Quote -> DocuSign Test*****\")\n        # Call the Browser Configuration\n        self.logger.info(\"*****Call the Browser Configuration*****\")\n        self.driver = setup\n        self.driver.implicitly_wait(10)\n        # Open the Website URL\n        self.logger.info(\"*****Open the Website URL*****\")\n        self.driver.get(self.baseURL)\n        # Fit the browser screen\n        self.logger.info(\"*****Fit the browser screen*****\")\n        self.driver.maximize_window()\n        # Define LoginPage Driver\n        self.logger.info(\"*****Define LoginPage Driver*****\")\n        self.lp = LoginPage(self.driver)\n        # Fill the UserName field\n        self.logger.info(\"*****Fill the UserName field*****\")\n        self.lp.setUserName(self.username)\n        # Fill the Password field\n        self.logger.info(\"*****Fill the Password field*****\")\n        self.lp.setPassword(self.password)\n        # Click on the Signin Button\n        self.logger.info(\"*****Click the Signin Button*****\")\n        self.lp.clickSignin()\n        time.sleep(5)\n    \n        self.qp = QuotePage(self.driver)\n        self.logger.info(\"*****Starting The Quote Page Test*****\")\n        self.logger.info(\"*****Click The Quote Tab*****\")\n        self.qp.clickCpqQuoteTab()\n        time.sleep(5)\n        self.logger.info(\"*****Click The Sales Quote*****\")\n        self.qp.SalesQuote()\n        time.sleep(2)\n        self.logger.info(\"*****Click the Edit Lines Button*****\")\n        self.qp.clickEditlines()\n        time.sleep(7)\n        self.logger.info(\"*****Switch to The Quote Line Editor*****\")\n        self.driver.switch_to.frame(0)\n    \n        self.logger.info(\"*****Starting The Quote Line Editor Test*****\")\n        self.ltp = LaborTravelPage(self.driver)\n        self.logger.info(\"*****Click The Add Products Button *****\")\n        self.ltp.AddProdButton()\n        time.sleep(3)\n        # self.logger.info(\"*****Lookup a Sales Product*****\")\n        # self.ltp.SearchLabor(self.laboritem)\n        # time.sleep(3)\n        # self.logger.info(\"*****Search the Sales Product*****\")\n        # self.ltp.SearchButton()\n        # time.sleep(3)\n        # self.logger.info(\"*****Click The Apply Button*****\")\n        self.ltp.ApplyButton()\n        time.sleep(3)\n>       self.ltp.doorProducts()\n\ntestCases\\test_salesLaborTravel.py:97: \n_ _ _ _ _ _ _ _ _ _ _ _ _ _ _ _ _ _ _ _ _ _ _ _ _ _ _ _ _ _ _ _ _ _ _ _ _ _ _ _ _ _ _ _ _ _ _ _ _ _ _ _ _ _ _ _ _ _ _ _ _ _ _ _ _ _ _ _ _ _ _ _ _\nPages\\LaborTravelPage.py:186: in doorProducts\n    shadow3 = shadow2.find_element(By.CSS_SELECTOR, \"#div:nth-child(7) > div:nth-child(3) > iron-list:nth-child(1) > sb-table-row:nth-child(2)\").shadow_root\n..\\..\\AppData\\Local\\Programs\\Python\\Python311\\Lib\\site-packages\\selenium\\webdriver\\remote\\shadowroot.py:54: in find_element\n    return self._execute(Command.FIND_ELEMENT_FROM_SHADOW_ROOT, {\"using\": by, \"value\": value})[\"value\"]\n..\\..\\AppData\\Local\\Programs\\Python\\Python311\\Lib\\site-packages\\selenium\\webdriver\\remote\\shadowroot.py:83: in _execute\n    return self.session.execute(command, params)\n..\\..\\AppData\\Local\\Programs\\Python\\Python311\\Lib\\site-packages\\selenium\\webdriver\\remote\\webdriver.py:444: in execute\n    self.error_handler.check_response(response)\n_ _ _ _ _ _ _ _ _ _ _ _ _ _ _ _ _ _ _ _ _ _ _ _ _ _ _ _ _ _ _ _ _ _ _ _ _ _ _ _ _ _ _ _ _ _ _ _ _ _ _ _ _ _ _ _ _ _ _ _ _ _ _ _ _ _ _ _ _ _ _ _ _\n\nself = <selenium.webdriver.remote.errorhandler.ErrorHandler object at 0x0000020A47747210>\nresponse = {'status': 404, 'value': '{\"value\":{\"error\":\"no such element\",\"message\":\"no such element: Unable to locate element: {\\...\\t(No symbol) [0x76077BA9]\\\\n\\\\tRtlInitializeExceptionChain [0x77ABBDAB+107]\\\\n\\\\tRtlClearBits [0x77ABBD2F+191]\\\\n\"}}'}\n\n    def check_response(self, response: Dict[str, Any]) -> None:\n        \"\"\"\n        Checks that a JSON response from the WebDriver does not have an error.\n    \n        :Args:\n         - response - The JSON response from the WebDriver server as a dictionary\n           object.\n    \n        :Raises: If the response contains an error message.\n        \"\"\"\n        status = response.get(\"status\", None)\n        if not status or status == ErrorCode.SUCCESS:\n            return\n        value = None\n        message = response.get(\"message\", \"\")\n        screen: str = response.get(\"screen\", \"\")\n        stacktrace = None\n        if isinstance(status, int):\n            value_json = response.get(\"value\", None)\n            if value_json and isinstance(value_json, str):\n                import json\n    \n                try:\n                    value = json.loads(value_json)\n                    if len(value.keys()) == 1:\n                        value = value[\"value\"]\n                    status = value.get(\"error\", None)\n                    if not status:\n                        status = value.get(\"status\", ErrorCode.UNKNOWN_ERROR)\n                        message = value.get(\"value\") or value.get(\"message\")\n                        if not isinstance(message, str):\n                            value = message\n                            message = message.get(\"message\")\n                    else:\n                        message = value.get(\"message\", None)\n                except ValueError:\n                    pass\n    \n        exception_class: Type[WebDriverException]\n        if status in ErrorCode.NO_SUCH_ELEMENT:\n            exception_class = NoSuchElementException\n        elif status in ErrorCode.NO_SUCH_FRAME:\n            exception_class = NoSuchFrameException\n        elif status in ErrorCode.NO_SUCH_SHADOW_ROOT:\n            exception_class = NoSuchShadowRootException\n        elif status in ErrorCode.NO_SUCH_WINDOW:\n            exception_class = NoSuchWindowException\n        elif status in ErrorCode.STALE_ELEMENT_REFERENCE:\n            exception_class = StaleElementReferenceException\n        elif status in ErrorCode.ELEMENT_NOT_VISIBLE:\n            exception_class = ElementNotVisibleException\n        elif status in ErrorCode.INVALID_ELEMENT_STATE:\n            exception_class = InvalidElementStateException\n        elif (\n            status in ErrorCode.INVALID_SELECTOR\n            or status in ErrorCode.INVALID_XPATH_SELECTOR\n            or status in ErrorCode.INVALID_XPATH_SELECTOR_RETURN_TYPER\n        ):\n            exception_class = InvalidSelectorException\n        elif status in ErrorCode.ELEMENT_IS_NOT_SELECTABLE:\n            exception_class = ElementNotSelectableException\n        elif status in ErrorCode.ELEMENT_NOT_INTERACTABLE:\n            exception_class = ElementNotInteractableException\n        elif status in ErrorCode.INVALID_COOKIE_DOMAIN:\n            exception_class = InvalidCookieDomainException\n        elif status in ErrorCode.UNABLE_TO_SET_COOKIE:\n            exception_class = UnableToSetCookieException\n        elif status in ErrorCode.TIMEOUT:\n            exception_class = TimeoutException\n        elif status in ErrorCode.SCRIPT_TIMEOUT:\n            exception_class = TimeoutException\n        elif status in ErrorCode.UNKNOWN_ERROR:\n            exception_class = WebDriverException\n        elif status in ErrorCode.UNEXPECTED_ALERT_OPEN:\n            exception_class = UnexpectedAlertPresentException\n        elif status in ErrorCode.NO_ALERT_OPEN:\n            exception_class = NoAlertPresentException\n        elif status in ErrorCode.IME_NOT_AVAILABLE:\n            exception_class = ImeNotAvailableException\n        elif status in ErrorCode.IME_ENGINE_ACTIVATION_FAILED:\n            exception_class = ImeActivationFailedException\n        elif status in ErrorCode.MOVE_TARGET_OUT_OF_BOUNDS:\n            exception_class = MoveTargetOutOfBoundsException\n        elif status in ErrorCode.JAVASCRIPT_ERROR:\n            exception_class = JavascriptException\n        elif status in ErrorCode.SESSION_NOT_CREATED:\n            exception_class = SessionNotCreatedException\n        elif status in ErrorCode.INVALID_ARGUMENT:\n            exception_class = InvalidArgumentException\n        elif status in ErrorCode.NO_SUCH_COOKIE:\n            exception_class = NoSuchCookieException\n        elif status in ErrorCode.UNABLE_TO_CAPTURE_SCREEN:\n            exception_class = ScreenshotException\n        elif status in ErrorCode.ELEMENT_CLICK_INTERCEPTED:\n            exception_class = ElementClickInterceptedException\n        elif status in ErrorCode.INSECURE_CERTIFICATE:\n            exception_class = InsecureCertificateException\n        elif status in ErrorCode.INVALID_COORDINATES:\n            exception_class = InvalidCoordinatesException\n        elif status in ErrorCode.INVALID_SESSION_ID:\n            exception_class = InvalidSessionIdException\n        elif status in ErrorCode.UNKNOWN_METHOD:\n            exception_class = UnknownMethodException\n        else:\n            exception_class = WebDriverException\n        if not value:\n            value = response[\"value\"]\n        if isinstance(value, str):\n            raise exception_class(value)\n        if message == \"\" and \"message\" in value:\n            message = value[\"message\"]\n    \n        screen = None  # type: ignore[assignment]\n        if \"screen\" in value:\n            screen = value[\"screen\"]\n    \n        stacktrace = None\n        st_value = value.get(\"stackTrace\") or value.get(\"stacktrace\")\n        if st_value:\n            if isinstance(st_value, str):\n                stacktrace = st_value.split(\"\\n\")\n            else:\n                stacktrace = []\n                try:\n                    for frame in st_value:\n                        line = frame.get(\"lineNumber\", \"\")\n                        file = frame.get(\"fileName\", \"<anonymous>\")\n                        if line:\n                            file = f\"{file}:{line}\"\n                        meth = frame.get(\"methodName\", \"<anonymous>\")\n                        if \"className\" in frame:\n                            meth = \"{}.{}\".format(frame[\"className\"], meth)\n                        msg = \"    at %s (%s)\"\n                        msg = msg % (meth, file)\n                        stacktrace.append(msg)\n                except TypeError:\n                    pass\n        if exception_class == UnexpectedAlertPresentException:\n            alert_text = None\n            if \"data\" in value:\n                alert_text = value[\"data\"].get(\"text\")\n            elif \"alert\" in value:\n                alert_text = value[\"alert\"].get(\"text\")\n            raise exception_class(message, screen, stacktrace, alert_text)  # type: ignore[call-arg]  # mypy is not smart enough here\n>       raise exception_class(message, screen, stacktrace)\nE       selenium.common.exceptions.NoSuchElementException: Message: no such element: Unable to locate element: {\"method\":\"css selector\",\"selector\":\"#div:nth-child(7) > div:nth-child(3) > iron-list:nth-child(1) > sb-table-row:nth-child(2)\"}\nE         (Session info: chrome=129.0.6668.59)\nE       Stacktrace:\nE       \tGetHandleVerifier [0x008583E3+25571]\nE       \t(No symbol) [0x007EA684]\nE       \t(No symbol) [0x006E2113]\nE       \t(No symbol) [0x00726FB2]\nE       \t(No symbol) [0x0072724B]\nE       \t(No symbol) [0x0071D191]\nE       \t(No symbol) [0x0074AC54]\nE       \t(No symbol) [0x0071D084]\nE       \t(No symbol) [0x0074AEA4]\nE       \t(No symbol) [0x00765349]\nE       \t(No symbol) [0x0074A9A6]\nE       \t(No symbol) [0x0071BAB6]\nE       \t(No symbol) [0x0071C50D]\nE       \tGetHandleVerifier [0x00B2C4A3+2991267]\nE       \tGetHandleVerifier [0x00B7D2C9+3322569]\nE       \tGetHandleVerifier [0x008E84D2+615634]\nE       \tGetHandleVerifier [0x008EFBFC+646140]\nE       \t(No symbol) [0x007F327D]\nE       \t(No symbol) [0x007F0188]\nE       \t(No symbol) [0x007F0325]\nE       \t(No symbol) [0x007E2826]\nE       \t(No symbol) [0x76077BA9]\nE       \tRtlInitializeExceptionChain [0x77ABBDAB+107]\nE       \tRtlClearBits [0x77ABBD2F+191]\n\n..\\..\\AppData\\Local\\Programs\\Python\\Python311\\Lib\\site-packages\\selenium\\webdriver\\remote\\errorhandler.py:249: NoSuchElementException"}, "attachments": [{"name": "log", "source": "143eacb9-2f30-4aa0-9583-e6c05e40c270-attachment.txt", "type": "text/plain"}], "start": 1726940255394, "stop": 1726940297052, "uuid": "a16dac15-d175-4bff-95f7-c743a4ed7d2f", "historyId": "7d3f34f23c0add04b05a68f89649f3aa", "testCaseId": "7d3f34f23c0add04b05a68f89649f3aa", "fullName": "test_salesLaborTravel.Test_SalesLaborTravel#test_SalesLabor", "labels": [{"name": "suite", "value": "test_salesLaborTravel"}, {"name": "subSuite", "value": "Test_SalesLaborTravel"}, {"name": "host", "value": "OPGLOOJEYINKA"}, {"name": "thread", "value": "3256-MainThread"}, {"name": "framework", "value": "pytest"}, {"name": "language", "value": "cpython3"}, {"name": "package", "value": "test_salesLaborTravel"}]}