{"name": "test_salesCheck", "status": "failed", "statusDetails": {"message": "AssertionError: assert 'Stage' == 'Closed Won Pending'\n  - Closed Won Pending\n  + Stage", "trace": "self = <testCases.test_salesCheck.Test_SalesCheck object at 0x0000019AD2E44250>\nsetup = <selenium.webdriver.chrome.webdriver.WebDriver (session=\"7c4b0677cafc03538b957049b4a477cd\")>\n\n    @pytest.mark.sales\n    def test_salesCheck(self, setup):\n        self.logger.info(\"*****Starting The Sales Opportunity Test*****\")\n        # Call the Browser Configuration\n        self.logger.info(\"*****Call the Browser Configuration*****\")\n        self.driver = setup\n        self.driver.implicitly_wait(10)\n        # Open the Website URL\n        self.logger.info(\"*****Open the Website URL*****\")\n        self.driver.get(self.baseURL)\n        # Fit the browser screen\n        self.logger.info(\"*****Fit the browser screen*****\")\n        self.driver.maximize_window()\n        # Define LoginPage Driver\n        self.logger.info(\"*****Define LoginPage Driver*****\")\n        self.lp = LoginPage(self.driver)\n        # Fill the UserName field\n        self.logger.info(\"*****Fill the UserName field*****\")\n        self.lp.setUserName(self.username)\n        # Fill the Password field\n        self.logger.info(\"*****Fill the Password field*****\")\n        self.lp.setPassword(self.password)\n        # Click on the Signin Button\n        self.logger.info(\"*****Click the Signin Button*****\")\n        self.lp.clickSignin()\n        time.sleep(7)\n    \n        self.qp = QuotePage(self.driver)\n        windowsIDs = self.driver.window_handles\n        parentwindowid = windowsIDs[0]\n        childwindowid = windowsIDs[1]\n        print(parentwindowid, childwindowid)\n        # Click the Opportunity Tab\n        self.qp.clickOpportunityTab()\n        time.sleep(3)\n        # Click on an Opportunity ID\n        self.qp.clickOpportunityIDSales()\n        time.sleep(3)\n        # assert \"expected_text\" in self.driver.find_element(By.XPATH, \"//span[@class='test-id__field-label'][normalize-space()='Stage']\").get_attribute(self.driver, \"Closed Won Pending\")\n>       assert self.driver.find_element(By.XPATH, \"//span[@class='test-id__field-label'][normalize-space()='Stage']\").text ==\"Closed Won Pending\"\nE       AssertionError: assert 'Stage' == 'Closed Won Pending'\nE         - Closed Won Pending\nE         + Stage\n\ntestCases\\test_salesCheck.py:68: AssertionError"}, "attachments": [{"name": "log", "source": "dfc9370e-b828-482f-91b5-8adee84780ee-attachment.txt", "type": "text/plain"}, {"name": "stdout", "source": "b09c66b1-1b66-47ce-ab3c-0caa132792bc-attachment.txt", "type": "text/plain"}], "start": 1724332920629, "stop": 1724332938855, "uuid": "05c759ad-c335-44a7-8349-874f68490c70", "historyId": "5fee88f8c11c6d1c530a22c8975e4478", "testCaseId": "5fee88f8c11c6d1c530a22c8975e4478", "fullName": "test_salesCheck.Test_SalesCheck#test_salesCheck", "labels": [{"name": "tag", "value": "sales"}, {"name": "suite", "value": "test_salesCheck"}, {"name": "subSuite", "value": "Test_SalesCheck"}, {"name": "host", "value": "OPGLOOJEYINKA"}, {"name": "thread", "value": "22540-MainThread"}, {"name": "framework", "value": "pytest"}, {"name": "language", "value": "cpython3"}, {"name": "package", "value": "test_salesCheck"}]}