{"name": "test_salesCheck", "status": "broken", "statusDetails": {"message": "selenium.common.exceptions.ElementNotInteractableException: Message: element not interactable\n  (Session info: chrome=129.0.6668.90)\nStacktrace:\n\tGetHandleVerifier [0x00C25523+24195]\n\t(No symbol) [0x00BBAA04]\n\t(No symbol) [0x00AB1F09]\n\t(No symbol) [0x00AF7EDF]\n\t(No symbol) [0x00AED4FD]\n\t(No symbol) [0x00B1AB3C]\n\t(No symbol) [0x00AECFB4]\n\t(No symbol) [0x00B1ADD4]\n\t(No symbol) [0x00B35280]\n\t(No symbol) [0x00B1A8D6]\n\t(No symbol) [0x00AEBA27]\n\t(No symbol) [0x00AEC43D]\n\tGetHandleVerifier [0x00EECE13+2938739]\n\tGetHandleVerifier [0x00F3EC69+3274185]\n\tGetHandleVerifier [0x00CB09C2+594722]\n\tGetHandleVerifier [0x00CB7EDC+624700]\n\t(No symbol) [0x00BC37CD]\n\t(No symbol) [0x00BC0528]\n\t(No symbol) [0x00BC06C5]\n\t(No symbol) [0x00BB2CA6]\n\t(No symbol) [0x762F7BA9]\n\tRtlInitializeExceptionChain [0x7787BDAB+107]\n\tRtlClearBits [0x7787BD2F+191]", "trace": "self = <testCases.test_salesCheck.Test_SalesCheck object at 0x000002191B5B3710>\nsetup = <selenium.webdriver.chrome.webdriver.WebDriver (session=\"52ea24ba15377e7cb9fb814b3293562d\")>\n\n    @pytest.mark.sales\n    def test_salesCheck(self, setup):\n        self.logger.info(\"*****Starting The Sales Opportunity Test*****\")\n        # Call the Browser Configuration\n        self.logger.info(\"*****Call the Browser Configuration*****\")\n        self.driver = setup\n        self.driver.implicitly_wait(10)\n        # Open the Website URL\n        self.logger.info(\"*****Open the Website URL*****\")\n        self.driver.get(self.baseURL)\n        # Fit the browser screen\n        self.logger.info(\"*****Fit the browser screen*****\")\n        self.driver.maximize_window()\n        # Define LoginPage Driver\n        self.logger.info(\"*****Define LoginPage Driver*****\")\n        self.lp = LoginPage(self.driver)\n        # Fill the UserName field\n        self.logger.info(\"*****Fill the UserName field*****\")\n        self.lp.setUserName(self.username)\n        # Fill the Password field\n        self.logger.info(\"*****Fill the Password field*****\")\n        self.lp.setPassword(self.password)\n        # Click on the Signin Button\n        self.logger.info(\"*****Click the Signin Button*****\")\n        self.lp.clickSignin()\n        time.sleep(7)\n    \n        self.qp = QuotePage(self.driver)\n        self.logger.info(\"*****Starting The Quote Page Test*****\")\n        # Click the CPQ Quote Tab\n        self.qp.clickCpqQuoteTab()\n        time.sleep(5)\n        self.qp.SalesQuote1()\n        time.sleep(4)\n        self.qp.clickEditBtn()\n        windowsIDs = self.driver.window_handles\n        parentwindowid = windowsIDs[0]\n        childwindowid = windowsIDs[1]\n        print(parentwindowid, childwindowid)\n        self.driver.switch_to.window(childwindowid)\n        time.sleep(4)\n        self.driver.find_element(By.XPATH, '//input[@name=\"Deposit__c\"]').send_keys(10)\n        time.sleep(4)\n>       self.driver.find_element(By.XPATH, \"//div[@class='slds-combobox slds-dropdown-trigger slds-dropdown-trigger_click']\").click()\n\ntestCases\\test_salesCheck.py:77: \n_ _ _ _ _ _ _ _ _ _ _ _ _ _ _ _ _ _ _ _ _ _ _ _ _ _ _ _ _ _ _ _ _ _ _ _ _ _ _ _ _ _ _ _ _ _ _ _ _ _ _ _ _ _ _ _ _ _ _ _ _ _ _ _ _ _ _ _ _ _ _ _ _\n..\\..\\AppData\\Local\\Programs\\Python\\Python311\\Lib\\site-packages\\selenium\\webdriver\\remote\\webelement.py:93: in click\n    self._execute(Command.CLICK_ELEMENT)\n..\\..\\AppData\\Local\\Programs\\Python\\Python311\\Lib\\site-packages\\selenium\\webdriver\\remote\\webelement.py:410: in _execute\n    return self._parent.execute(command, params)\n..\\..\\AppData\\Local\\Programs\\Python\\Python311\\Lib\\site-packages\\selenium\\webdriver\\remote\\webdriver.py:444: in execute\n    self.error_handler.check_response(response)\n_ _ _ _ _ _ _ _ _ _ _ _ _ _ _ _ _ _ _ _ _ _ _ _ _ _ _ _ _ _ _ _ _ _ _ _ _ _ _ _ _ _ _ _ _ _ _ _ _ _ _ _ _ _ _ _ _ _ _ _ _ _ _ _ _ _ _ _ _ _ _ _ _\n\nself = <selenium.webdriver.remote.errorhandler.ErrorHandler object at 0x000002191B572750>\nresponse = {'status': 400, 'value': '{\"value\":{\"error\":\"element not interactable\",\"message\":\"element not interactable\\\\n  (Sessio...\\t(No symbol) [0x762F7BA9]\\\\n\\\\tRtlInitializeExceptionChain [0x7787BDAB+107]\\\\n\\\\tRtlClearBits [0x7787BD2F+191]\\\\n\"}}'}\n\n    def check_response(self, response: Dict[str, Any]) -> None:\n        \"\"\"\n        Checks that a JSON response from the WebDriver does not have an error.\n    \n        :Args:\n         - response - The JSON response from the WebDriver server as a dictionary\n           object.\n    \n        :Raises: If the response contains an error message.\n        \"\"\"\n        status = response.get(\"status\", None)\n        if not status or status == ErrorCode.SUCCESS:\n            return\n        value = None\n        message = response.get(\"message\", \"\")\n        screen: str = response.get(\"screen\", \"\")\n        stacktrace = None\n        if isinstance(status, int):\n            value_json = response.get(\"value\", None)\n            if value_json and isinstance(value_json, str):\n                import json\n    \n                try:\n                    value = json.loads(value_json)\n                    if len(value.keys()) == 1:\n                        value = value[\"value\"]\n                    status = value.get(\"error\", None)\n                    if not status:\n                        status = value.get(\"status\", ErrorCode.UNKNOWN_ERROR)\n                        message = value.get(\"value\") or value.get(\"message\")\n                        if not isinstance(message, str):\n                            value = message\n                            message = message.get(\"message\")\n                    else:\n                        message = value.get(\"message\", None)\n                except ValueError:\n                    pass\n    \n        exception_class: Type[WebDriverException]\n        if status in ErrorCode.NO_SUCH_ELEMENT:\n            exception_class = NoSuchElementException\n        elif status in ErrorCode.NO_SUCH_FRAME:\n            exception_class = NoSuchFrameException\n        elif status in ErrorCode.NO_SUCH_SHADOW_ROOT:\n            exception_class = NoSuchShadowRootException\n        elif status in ErrorCode.NO_SUCH_WINDOW:\n            exception_class = NoSuchWindowException\n        elif status in ErrorCode.STALE_ELEMENT_REFERENCE:\n            exception_class = StaleElementReferenceException\n        elif status in ErrorCode.ELEMENT_NOT_VISIBLE:\n            exception_class = ElementNotVisibleException\n        elif status in ErrorCode.INVALID_ELEMENT_STATE:\n            exception_class = InvalidElementStateException\n        elif (\n            status in ErrorCode.INVALID_SELECTOR\n            or status in ErrorCode.INVALID_XPATH_SELECTOR\n            or status in ErrorCode.INVALID_XPATH_SELECTOR_RETURN_TYPER\n        ):\n            exception_class = InvalidSelectorException\n        elif status in ErrorCode.ELEMENT_IS_NOT_SELECTABLE:\n            exception_class = ElementNotSelectableException\n        elif status in ErrorCode.ELEMENT_NOT_INTERACTABLE:\n            exception_class = ElementNotInteractableException\n        elif status in ErrorCode.INVALID_COOKIE_DOMAIN:\n            exception_class = InvalidCookieDomainException\n        elif status in ErrorCode.UNABLE_TO_SET_COOKIE:\n            exception_class = UnableToSetCookieException\n        elif status in ErrorCode.TIMEOUT:\n            exception_class = TimeoutException\n        elif status in ErrorCode.SCRIPT_TIMEOUT:\n            exception_class = TimeoutException\n        elif status in ErrorCode.UNKNOWN_ERROR:\n            exception_class = WebDriverException\n        elif status in ErrorCode.UNEXPECTED_ALERT_OPEN:\n            exception_class = UnexpectedAlertPresentException\n        elif status in ErrorCode.NO_ALERT_OPEN:\n            exception_class = NoAlertPresentException\n        elif status in ErrorCode.IME_NOT_AVAILABLE:\n            exception_class = ImeNotAvailableException\n        elif status in ErrorCode.IME_ENGINE_ACTIVATION_FAILED:\n            exception_class = ImeActivationFailedException\n        elif status in ErrorCode.MOVE_TARGET_OUT_OF_BOUNDS:\n            exception_class = MoveTargetOutOfBoundsException\n        elif status in ErrorCode.JAVASCRIPT_ERROR:\n            exception_class = JavascriptException\n        elif status in ErrorCode.SESSION_NOT_CREATED:\n            exception_class = SessionNotCreatedException\n        elif status in ErrorCode.INVALID_ARGUMENT:\n            exception_class = InvalidArgumentException\n        elif status in ErrorCode.NO_SUCH_COOKIE:\n            exception_class = NoSuchCookieException\n        elif status in ErrorCode.UNABLE_TO_CAPTURE_SCREEN:\n            exception_class = ScreenshotException\n        elif status in ErrorCode.ELEMENT_CLICK_INTERCEPTED:\n            exception_class = ElementClickInterceptedException\n        elif status in ErrorCode.INSECURE_CERTIFICATE:\n            exception_class = InsecureCertificateException\n        elif status in ErrorCode.INVALID_COORDINATES:\n            exception_class = InvalidCoordinatesException\n        elif status in ErrorCode.INVALID_SESSION_ID:\n            exception_class = InvalidSessionIdException\n        elif status in ErrorCode.UNKNOWN_METHOD:\n            exception_class = UnknownMethodException\n        else:\n            exception_class = WebDriverException\n        if not value:\n            value = response[\"value\"]\n        if isinstance(value, str):\n            raise exception_class(value)\n        if message == \"\" and \"message\" in value:\n            message = value[\"message\"]\n    \n        screen = None  # type: ignore[assignment]\n        if \"screen\" in value:\n            screen = value[\"screen\"]\n    \n        stacktrace = None\n        st_value = value.get(\"stackTrace\") or value.get(\"stacktrace\")\n        if st_value:\n            if isinstance(st_value, str):\n                stacktrace = st_value.split(\"\\n\")\n            else:\n                stacktrace = []\n                try:\n                    for frame in st_value:\n                        line = frame.get(\"lineNumber\", \"\")\n                        file = frame.get(\"fileName\", \"<anonymous>\")\n                        if line:\n                            file = f\"{file}:{line}\"\n                        meth = frame.get(\"methodName\", \"<anonymous>\")\n                        if \"className\" in frame:\n                            meth = \"{}.{}\".format(frame[\"className\"], meth)\n                        msg = \"    at %s (%s)\"\n                        msg = msg % (meth, file)\n                        stacktrace.append(msg)\n                except TypeError:\n                    pass\n        if exception_class == UnexpectedAlertPresentException:\n            alert_text = None\n            if \"data\" in value:\n                alert_text = value[\"data\"].get(\"text\")\n            elif \"alert\" in value:\n                alert_text = value[\"alert\"].get(\"text\")\n            raise exception_class(message, screen, stacktrace, alert_text)  # type: ignore[call-arg]  # mypy is not smart enough here\n>       raise exception_class(message, screen, stacktrace)\nE       selenium.common.exceptions.ElementNotInteractableException: Message: element not interactable\nE         (Session info: chrome=129.0.6668.90)\nE       Stacktrace:\nE       \tGetHandleVerifier [0x00C25523+24195]\nE       \t(No symbol) [0x00BBAA04]\nE       \t(No symbol) [0x00AB1F09]\nE       \t(No symbol) [0x00AF7EDF]\nE       \t(No symbol) [0x00AED4FD]\nE       \t(No symbol) [0x00B1AB3C]\nE       \t(No symbol) [0x00AECFB4]\nE       \t(No symbol) [0x00B1ADD4]\nE       \t(No symbol) [0x00B35280]\nE       \t(No symbol) [0x00B1A8D6]\nE       \t(No symbol) [0x00AEBA27]\nE       \t(No symbol) [0x00AEC43D]\nE       \tGetHandleVerifier [0x00EECE13+2938739]\nE       \tGetHandleVerifier [0x00F3EC69+3274185]\nE       \tGetHandleVerifier [0x00CB09C2+594722]\nE       \tGetHandleVerifier [0x00CB7EDC+624700]\nE       \t(No symbol) [0x00BC37CD]\nE       \t(No symbol) [0x00BC0528]\nE       \t(No symbol) [0x00BC06C5]\nE       \t(No symbol) [0x00BB2CA6]\nE       \t(No symbol) [0x762F7BA9]\nE       \tRtlInitializeExceptionChain [0x7787BDAB+107]\nE       \tRtlClearBits [0x7787BD2F+191]\n\n..\\..\\AppData\\Local\\Programs\\Python\\Python311\\Lib\\site-packages\\selenium\\webdriver\\remote\\errorhandler.py:249: ElementNotInteractableException"}, "attachments": [{"name": "log", "source": "0572e2cd-b18a-47ba-b906-50b501021bd2-attachment.txt", "type": "text/plain"}, {"name": "stdout", "source": "0b916b63-3071-42a6-9d1a-4963297830c6-attachment.txt", "type": "text/plain"}], "start": 1728585140707, "stop": 1728585179749, "uuid": "254568e1-08dc-4ce9-91c5-7f25d3ea636c", "historyId": "5fee88f8c11c6d1c530a22c8975e4478", "testCaseId": "5fee88f8c11c6d1c530a22c8975e4478", "fullName": "test_salesCheck.Test_SalesCheck#test_salesCheck", "labels": [{"name": "tag", "value": "sales"}, {"name": "suite", "value": "test_salesCheck"}, {"name": "subSuite", "value": "Test_SalesCheck"}, {"name": "host", "value": "OPGLOOJEYINKA"}, {"name": "thread", "value": "27408-MainThread"}, {"name": "framework", "value": "pytest"}, {"name": "language", "value": "cpython3"}, {"name": "package", "value": "test_salesCheck"}]}