{"name": "test_editOpportunityDescription", "status": "broken", "statusDetails": {"message": "selenium.common.exceptions.InvalidSelectorException: Message: invalid selector\nfrom javascript error: {\"status\":32,\"value\":\"Unable to locate an element with the xpath expression //div[@class=\\\"slds-form-element__control slds-grow textarea-container\\\"]//textarea[@=\\\"slds-textarea\\\"] because of the following error:\\nSyntaxError: Failed to execute 'evaluate' on 'Document': The string '//div[@class=\\\"slds-form-element__control slds-grow textarea-container\\\"]//textarea[@=\\\"slds-textarea\\\"]' is not a valid XPath expression.\"}\n  (Session info: chrome=128.0.6613.138)\nStacktrace:\n\tGetHandleVerifier [0x010FD933+25811]\n\t(No symbol) [0x0108E314]\n\t(No symbol) [0x00F82523]\n\t(No symbol) [0x00F880A4]\n\t(No symbol) [0x00F89988]\n\t(No symbol) [0x00F89A00]\n\t(No symbol) [0x00FC70F5]\n\t(No symbol) [0x00FC765B]\n\t(No symbol) [0x01006BA2]\n\t(No symbol) [0x00FEAD74]\n\t(No symbol) [0x010046F0]\n\t(No symbol) [0x00FEAAC6]\n\t(No symbol) [0x00FBBEFD]\n\t(No symbol) [0x00FBC8FD]\n\tGetHandleVerifier [0x013CF143+2981091]\n\tGetHandleVerifier [0x01422FF9+3324825]\n\tGetHandleVerifier [0x0118B32F+605903]\n\tGetHandleVerifier [0x01192CBC+637020]\n\t(No symbol) [0x01096F4D]\n\t(No symbol) [0x01093DD8]\n\t(No symbol) [0x01093F75]\n\t(No symbol) [0x01086406]\n\t(No symbol) [0x76AB7BA9]\n\tRtlInitializeExceptionChain [0x776BBDAB+107]\n\tRtlClearBits [0x776BBD2F+191]", "trace": "self = <testCases.test_salesDescription.Test_SalesDescription object at 0x0000024B08CD8450>\nsetup = <selenium.webdriver.chrome.webdriver.WebDriver (session=\"6afbaf289449de74b8efecc5ab4f6728\")>\n\n    @pytest.mark.sale2e\n    def test_editOpportunityDescription(self, setup):\n        self.logger.info(\"*****Starting The Create Sales Quote From Opportunity Test*****\")\n        # Call the Browser Configuration\n        self.logger.info(\"*****Call the Browser Configuration*****\")\n        self.driver = setup\n        self.driver.implicitly_wait(10)\n        # Open the Website URL\n        self.logger.info(\"*****Open the Website URL*****\")\n        self.driver.get(self.baseURL)\n        # Fit the browser screen\n        self.logger.info(\"*****Fit the browser screen*****\")\n        self.driver.maximize_window()\n        # Define LoginPage Driver\n        self.logger.info(\"*****Define LoginPage Driver*****\")\n        self.lp = LoginPage(self.driver)\n        # Fill the UserName field\n        self.logger.info(\"*****Fill the UserName field*****\")\n        self.lp.setUserName(self.username)\n        # Fill the Password field\n        self.logger.info(\"*****Fill the Password field*****\")\n        self.lp.setPassword(self.password)\n        # Click on the Signin Button\n        self.logger.info(\"*****Click the Signin Button*****\")\n        self.lp.clickSignin()\n        time.sleep(5)\n    \n        # Define the Quote Page Driver\n        self.qp = QuotePage(self.driver)\n        windowsIDs = self.driver.window_handles\n        parentwindowid = windowsIDs[0]\n        childwindowid = windowsIDs[1]\n        print(parentwindowid, childwindowid)\n        # Click the Opportunity Tab\n        self.qp.clickOpportunityTab()\n        time.sleep(3)\n        # Click on an Opportunity ID\n        self.qp.clickOpportunityIDSales()\n        time.sleep(5)\n        self.driver.execute_script(\"window.scrollBy(0, 500)\")\n        time.sleep(5)\n        self.qp.clickDescripPen()\n        # self.driver.find_element(By.XPATH, \"//button[@title='Edit Description']\").click()\n        # time.sleep(5)\n        # self.driver.find_element(By.XPATH, \"//button[@title='Edit Description']\").clear()\n        time.sleep(5)\n        # self.driver.find_element(By.XPATH, '//div[@class=\"slds-form-element__control slds-grow textarea-container\"]').send_keys(\"Noted\")\n        # self.qp.clnDescrip()\n>       self.qp.fillDescrip1()\n\ntestCases\\test_salesDescription.py:74: \n_ _ _ _ _ _ _ _ _ _ _ _ _ _ _ _ _ _ _ _ _ _ _ _ _ _ _ _ _ _ _ _ _ _ _ _ _ _ _ _ _ _ _ _ _ _ _ _ _ _ _ _ _ _ _ _ _ _ _ _ _ _ _ _ _ _ _ _ _ _ _ _ _\nPages\\QuotePage.py:209: in fillDescrip1\n    WebDriverWait(self.driver, 10).until(EC.element_to_be_clickable((By.XPATH, '//div[@class=\"slds-form-element__control slds-grow textarea-container\"]//textarea[@=\"slds-textarea\"]'))).clear()\n..\\..\\AppData\\Local\\Programs\\Python\\Python311\\Lib\\site-packages\\selenium\\webdriver\\support\\wait.py:86: in until\n    value = method(self._driver)\n..\\..\\AppData\\Local\\Programs\\Python\\Python311\\Lib\\site-packages\\selenium\\webdriver\\support\\expected_conditions.py:312: in _predicate\n    target = driver.find_element(*target)  # grab element at locator\n..\\..\\AppData\\Local\\Programs\\Python\\Python311\\Lib\\site-packages\\selenium\\webdriver\\remote\\webdriver.py:861: in find_element\n    return self.execute(Command.FIND_ELEMENT, {\"using\": by, \"value\": value})[\"value\"]\n..\\..\\AppData\\Local\\Programs\\Python\\Python311\\Lib\\site-packages\\selenium\\webdriver\\remote\\webdriver.py:444: in execute\n    self.error_handler.check_response(response)\n_ _ _ _ _ _ _ _ _ _ _ _ _ _ _ _ _ _ _ _ _ _ _ _ _ _ _ _ _ _ _ _ _ _ _ _ _ _ _ _ _ _ _ _ _ _ _ _ _ _ _ _ _ _ _ _ _ _ _ _ _ _ _ _ _ _ _ _ _ _ _ _ _\n\nself = <selenium.webdriver.remote.errorhandler.ErrorHandler object at 0x0000024B08D370D0>\nresponse = {'status': 400, 'value': '{\"value\":{\"error\":\"invalid selector\",\"message\":\"invalid selector\\\\nfrom javascript error: {\\...\\t(No symbol) [0x76AB7BA9]\\\\n\\\\tRtlInitializeExceptionChain [0x776BBDAB+107]\\\\n\\\\tRtlClearBits [0x776BBD2F+191]\\\\n\"}}'}\n\n    def check_response(self, response: Dict[str, Any]) -> None:\n        \"\"\"\n        Checks that a JSON response from the WebDriver does not have an error.\n    \n        :Args:\n         - response - The JSON response from the WebDriver server as a dictionary\n           object.\n    \n        :Raises: If the response contains an error message.\n        \"\"\"\n        status = response.get(\"status\", None)\n        if not status or status == ErrorCode.SUCCESS:\n            return\n        value = None\n        message = response.get(\"message\", \"\")\n        screen: str = response.get(\"screen\", \"\")\n        stacktrace = None\n        if isinstance(status, int):\n            value_json = response.get(\"value\", None)\n            if value_json and isinstance(value_json, str):\n                import json\n    \n                try:\n                    value = json.loads(value_json)\n                    if len(value.keys()) == 1:\n                        value = value[\"value\"]\n                    status = value.get(\"error\", None)\n                    if not status:\n                        status = value.get(\"status\", ErrorCode.UNKNOWN_ERROR)\n                        message = value.get(\"value\") or value.get(\"message\")\n                        if not isinstance(message, str):\n                            value = message\n                            message = message.get(\"message\")\n                    else:\n                        message = value.get(\"message\", None)\n                except ValueError:\n                    pass\n    \n        exception_class: Type[WebDriverException]\n        if status in ErrorCode.NO_SUCH_ELEMENT:\n            exception_class = NoSuchElementException\n        elif status in ErrorCode.NO_SUCH_FRAME:\n            exception_class = NoSuchFrameException\n        elif status in ErrorCode.NO_SUCH_SHADOW_ROOT:\n            exception_class = NoSuchShadowRootException\n        elif status in ErrorCode.NO_SUCH_WINDOW:\n            exception_class = NoSuchWindowException\n        elif status in ErrorCode.STALE_ELEMENT_REFERENCE:\n            exception_class = StaleElementReferenceException\n        elif status in ErrorCode.ELEMENT_NOT_VISIBLE:\n            exception_class = ElementNotVisibleException\n        elif status in ErrorCode.INVALID_ELEMENT_STATE:\n            exception_class = InvalidElementStateException\n        elif (\n            status in ErrorCode.INVALID_SELECTOR\n            or status in ErrorCode.INVALID_XPATH_SELECTOR\n            or status in ErrorCode.INVALID_XPATH_SELECTOR_RETURN_TYPER\n        ):\n            exception_class = InvalidSelectorException\n        elif status in ErrorCode.ELEMENT_IS_NOT_SELECTABLE:\n            exception_class = ElementNotSelectableException\n        elif status in ErrorCode.ELEMENT_NOT_INTERACTABLE:\n            exception_class = ElementNotInteractableException\n        elif status in ErrorCode.INVALID_COOKIE_DOMAIN:\n            exception_class = InvalidCookieDomainException\n        elif status in ErrorCode.UNABLE_TO_SET_COOKIE:\n            exception_class = UnableToSetCookieException\n        elif status in ErrorCode.TIMEOUT:\n            exception_class = TimeoutException\n        elif status in ErrorCode.SCRIPT_TIMEOUT:\n            exception_class = TimeoutException\n        elif status in ErrorCode.UNKNOWN_ERROR:\n            exception_class = WebDriverException\n        elif status in ErrorCode.UNEXPECTED_ALERT_OPEN:\n            exception_class = UnexpectedAlertPresentException\n        elif status in ErrorCode.NO_ALERT_OPEN:\n            exception_class = NoAlertPresentException\n        elif status in ErrorCode.IME_NOT_AVAILABLE:\n            exception_class = ImeNotAvailableException\n        elif status in ErrorCode.IME_ENGINE_ACTIVATION_FAILED:\n            exception_class = ImeActivationFailedException\n        elif status in ErrorCode.MOVE_TARGET_OUT_OF_BOUNDS:\n            exception_class = MoveTargetOutOfBoundsException\n        elif status in ErrorCode.JAVASCRIPT_ERROR:\n            exception_class = JavascriptException\n        elif status in ErrorCode.SESSION_NOT_CREATED:\n            exception_class = SessionNotCreatedException\n        elif status in ErrorCode.INVALID_ARGUMENT:\n            exception_class = InvalidArgumentException\n        elif status in ErrorCode.NO_SUCH_COOKIE:\n            exception_class = NoSuchCookieException\n        elif status in ErrorCode.UNABLE_TO_CAPTURE_SCREEN:\n            exception_class = ScreenshotException\n        elif status in ErrorCode.ELEMENT_CLICK_INTERCEPTED:\n            exception_class = ElementClickInterceptedException\n        elif status in ErrorCode.INSECURE_CERTIFICATE:\n            exception_class = InsecureCertificateException\n        elif status in ErrorCode.INVALID_COORDINATES:\n            exception_class = InvalidCoordinatesException\n        elif status in ErrorCode.INVALID_SESSION_ID:\n            exception_class = InvalidSessionIdException\n        elif status in ErrorCode.UNKNOWN_METHOD:\n            exception_class = UnknownMethodException\n        else:\n            exception_class = WebDriverException\n        if not value:\n            value = response[\"value\"]\n        if isinstance(value, str):\n            raise exception_class(value)\n        if message == \"\" and \"message\" in value:\n            message = value[\"message\"]\n    \n        screen = None  # type: ignore[assignment]\n        if \"screen\" in value:\n            screen = value[\"screen\"]\n    \n        stacktrace = None\n        st_value = value.get(\"stackTrace\") or value.get(\"stacktrace\")\n        if st_value:\n            if isinstance(st_value, str):\n                stacktrace = st_value.split(\"\\n\")\n            else:\n                stacktrace = []\n                try:\n                    for frame in st_value:\n                        line = frame.get(\"lineNumber\", \"\")\n                        file = frame.get(\"fileName\", \"<anonymous>\")\n                        if line:\n                            file = f\"{file}:{line}\"\n                        meth = frame.get(\"methodName\", \"<anonymous>\")\n                        if \"className\" in frame:\n                            meth = \"{}.{}\".format(frame[\"className\"], meth)\n                        msg = \"    at %s (%s)\"\n                        msg = msg % (meth, file)\n                        stacktrace.append(msg)\n                except TypeError:\n                    pass\n        if exception_class == UnexpectedAlertPresentException:\n            alert_text = None\n            if \"data\" in value:\n                alert_text = value[\"data\"].get(\"text\")\n            elif \"alert\" in value:\n                alert_text = value[\"alert\"].get(\"text\")\n            raise exception_class(message, screen, stacktrace, alert_text)  # type: ignore[call-arg]  # mypy is not smart enough here\n>       raise exception_class(message, screen, stacktrace)\nE       selenium.common.exceptions.InvalidSelectorException: Message: invalid selector\nE       from javascript error: {\"status\":32,\"value\":\"Unable to locate an element with the xpath expression //div[@class=\\\"slds-form-element__control slds-grow textarea-container\\\"]//textarea[@=\\\"slds-textarea\\\"] because of the following error:\\nSyntaxError: Failed to execute 'evaluate' on 'Document': The string '//div[@class=\\\"slds-form-element__control slds-grow textarea-container\\\"]//textarea[@=\\\"slds-textarea\\\"]' is not a valid XPath expression.\"}\nE         (Session info: chrome=128.0.6613.138)\nE       Stacktrace:\nE       \tGetHandleVerifier [0x010FD933+25811]\nE       \t(No symbol) [0x0108E314]\nE       \t(No symbol) [0x00F82523]\nE       \t(No symbol) [0x00F880A4]\nE       \t(No symbol) [0x00F89988]\nE       \t(No symbol) [0x00F89A00]\nE       \t(No symbol) [0x00FC70F5]\nE       \t(No symbol) [0x00FC765B]\nE       \t(No symbol) [0x01006BA2]\nE       \t(No symbol) [0x00FEAD74]\nE       \t(No symbol) [0x010046F0]\nE       \t(No symbol) [0x00FEAAC6]\nE       \t(No symbol) [0x00FBBEFD]\nE       \t(No symbol) [0x00FBC8FD]\nE       \tGetHandleVerifier [0x013CF143+2981091]\nE       \tGetHandleVerifier [0x01422FF9+3324825]\nE       \tGetHandleVerifier [0x0118B32F+605903]\nE       \tGetHandleVerifier [0x01192CBC+637020]\nE       \t(No symbol) [0x01096F4D]\nE       \t(No symbol) [0x01093DD8]\nE       \t(No symbol) [0x01093F75]\nE       \t(No symbol) [0x01086406]\nE       \t(No symbol) [0x76AB7BA9]\nE       \tRtlInitializeExceptionChain [0x776BBDAB+107]\nE       \tRtlClearBits [0x776BBD2F+191]\n\n..\\..\\AppData\\Local\\Programs\\Python\\Python311\\Lib\\site-packages\\selenium\\webdriver\\remote\\errorhandler.py:249: InvalidSelectorException"}, "attachments": [{"name": "log", "source": "87fe9518-c5bc-47fe-a435-1b7ba69d1bc9-attachment.txt", "type": "text/plain"}, {"name": "stdout", "source": "0adc586f-c12d-4217-818a-c8ea935a3109-attachment.txt", "type": "text/plain"}], "start": 1726496709291, "stop": 1726496738067, "uuid": "ac5c6b69-4ef5-4e6a-842c-22bb59e6b1be", "historyId": "ad844ef24b0b44ae36d94b1ab9283a42", "testCaseId": "ad844ef24b0b44ae36d94b1ab9283a42", "fullName": "test_salesDescription.Test_SalesDescription#test_editOpportunityDescription", "labels": [{"name": "tag", "value": "sale2e"}, {"name": "suite", "value": "test_salesDescription"}, {"name": "subSuite", "value": "Test_SalesDescription"}, {"name": "host", "value": "OPGLOOJEYINKA"}, {"name": "thread", "value": "32412-MainThread"}, {"name": "framework", "value": "pytest"}, {"name": "language", "value": "cpython3"}, {"name": "package", "value": "test_salesDescription"}]}