{"name": "test_SalesAddProducts", "status": "broken", "statusDetails": {"message": "selenium.common.exceptions.TimeoutException: Message: \nStacktrace:\n\tGetHandleVerifier [0x0082D933+25811]\n\t(No symbol) [0x007BE314]\n\t(No symbol) [0x006B2523]\n\t(No symbol) [0x006F7483]\n\t(No symbol) [0x006F765B]\n\t(No symbol) [0x00736BA2]\n\t(No symbol) [0x0071AD74]\n\t(No symbol) [0x007346F0]\n\t(No symbol) [0x0071AAC6]\n\t(No symbol) [0x006EBEFD]\n\t(No symbol) [0x006EC8FD]\n\tGetHandleVerifier [0x00AFF143+2981091]\n\tGetHandleVerifier [0x00B52FF9+3324825]\n\tGetHandleVerifier [0x008BB32F+605903]\n\tGetHandleVerifier [0x008C2CBC+637020]\n\t(No symbol) [0x007C6F4D]\n\t(No symbol) [0x007C3DD8]\n\t(No symbol) [0x007C3F75]\n\t(No symbol) [0x007B6406]\n\t(No symbol) [0x76AB7BA9]\n\tRtlInitializeExceptionChain [0x776BBDAB+107]\n\tRtlClearBits [0x776BBD2F+191]", "trace": "self = <testCases.test_salesAddProducts.Test_SalesAddProducts object at 0x0000027A1014DA10>\nsetup = <selenium.webdriver.chrome.webdriver.WebDriver (session=\"aa5da27bc1b9c6aec500348cd239a0d7\")>\n\n    @pytest.mark.sale2e\n    def test_SalesAddProducts(self, setup):\n        self.logger.info(\"*****Starting The Quote -> DocuSign Test*****\")\n        # Call the Browser Configuration\n        self.logger.info(\"*****Call the Browser Configuration*****\")\n        self.driver = setup\n        self.driver.implicitly_wait(10)\n        # Open the Website URL\n        self.logger.info(\"*****Open the Website URL*****\")\n        self.driver.get(self.baseURL)\n        # Fit the browser screen\n        self.logger.info(\"*****Fit the browser screen*****\")\n        self.driver.maximize_window()\n        # Define LoginPage Driver\n        self.logger.info(\"*****Define LoginPage Driver*****\")\n        self.lp = LoginPage(self.driver)\n        # Fill the UserName field\n        self.logger.info(\"*****Fill the UserName field*****\")\n        self.lp.setUserName(self.username)\n        # Fill the Password field\n        self.logger.info(\"*****Fill the Password field*****\")\n        self.lp.setPassword(self.password)\n        # Click on the Signin Button\n        self.logger.info(\"*****Click the Signin Button*****\")\n        self.lp.clickSignin()\n        time.sleep(5)\n    \n        self.qp = QuotePage(self.driver)\n        self.logger.info(\"*****Starting The Quote Page Test*****\")\n        self.logger.info(\"*****Click The Quote Tab*****\")\n        self.qp.clickCpqQuoteTab()\n        time.sleep(5)\n        self.logger.info(\"*****Click The Sales Quote*****\")\n        self.qp.SalesQuote1()\n        time.sleep(2)\n        self.logger.info(\"*****Click the Edit Lines Button*****\")\n>       self.qp.clickEditlines()\n\ntestCases\\test_salesAddProducts.py:72: \n_ _ _ _ _ _ _ _ _ _ _ _ _ _ _ _ _ _ _ _ _ _ _ _ _ _ _ _ _ _ _ _ _ _ _ _ _ _ _ _ _ _ _ _ _ _ _ _ _ _ _ _ _ _ _ _ _ _ _ _ _ _ _ _ _ _ _ _ _ _ _ _ _\nPages\\QuotePage.py:73: in clickEditlines\n    editL=WebDriverWait(self.driver, 20).until(EC.element_to_be_clickable((By.XPATH, \"//button[contains(text(),'Edit Lines')]\")))\n_ _ _ _ _ _ _ _ _ _ _ _ _ _ _ _ _ _ _ _ _ _ _ _ _ _ _ _ _ _ _ _ _ _ _ _ _ _ _ _ _ _ _ _ _ _ _ _ _ _ _ _ _ _ _ _ _ _ _ _ _ _ _ _ _ _ _ _ _ _ _ _ _\n\nself = <selenium.webdriver.support.wait.WebDriverWait (session=\"aa5da27bc1b9c6aec500348cd239a0d7\")>\nmethod = <function element_to_be_clickable.<locals>._predicate at 0x0000027A0F429F80>, message = ''\n\n    def until(self, method, message: str = \"\"):\n        \"\"\"Calls the method provided with the driver as an argument until the \\\n        return value does not evaluate to ``False``.\n    \n        :param method: callable(WebDriver)\n        :param message: optional message for :exc:`TimeoutException`\n        :returns: the result of the last call to `method`\n        :raises: :exc:`selenium.common.exceptions.TimeoutException` if timeout occurs\n        \"\"\"\n        screen = None\n        stacktrace = None\n    \n        end_time = time.monotonic() + self._timeout\n        while True:\n            try:\n                value = method(self._driver)\n                if value:\n                    return value\n            except self._ignored_exceptions as exc:\n                screen = getattr(exc, \"screen\", None)\n                stacktrace = getattr(exc, \"stacktrace\", None)\n            time.sleep(self._poll)\n            if time.monotonic() > end_time:\n                break\n>       raise TimeoutException(message, screen, stacktrace)\nE       selenium.common.exceptions.TimeoutException: Message: \nE       Stacktrace:\nE       \tGetHandleVerifier [0x0082D933+25811]\nE       \t(No symbol) [0x007BE314]\nE       \t(No symbol) [0x006B2523]\nE       \t(No symbol) [0x006F7483]\nE       \t(No symbol) [0x006F765B]\nE       \t(No symbol) [0x00736BA2]\nE       \t(No symbol) [0x0071AD74]\nE       \t(No symbol) [0x007346F0]\nE       \t(No symbol) [0x0071AAC6]\nE       \t(No symbol) [0x006EBEFD]\nE       \t(No symbol) [0x006EC8FD]\nE       \tGetHandleVerifier [0x00AFF143+2981091]\nE       \tGetHandleVerifier [0x00B52FF9+3324825]\nE       \tGetHandleVerifier [0x008BB32F+605903]\nE       \tGetHandleVerifier [0x008C2CBC+637020]\nE       \t(No symbol) [0x007C6F4D]\nE       \t(No symbol) [0x007C3DD8]\nE       \t(No symbol) [0x007C3F75]\nE       \t(No symbol) [0x007B6406]\nE       \t(No symbol) [0x76AB7BA9]\nE       \tRtlInitializeExceptionChain [0x776BBDAB+107]\nE       \tRtlClearBits [0x776BBD2F+191]\n\n..\\..\\AppData\\Local\\Programs\\Python\\Python311\\Lib\\site-packages\\selenium\\webdriver\\support\\wait.py:95: TimeoutException"}, "attachments": [{"name": "log", "source": "c7364722-11e8-42bf-801e-bc16786bc640-attachment.txt", "type": "text/plain"}], "start": 1726752648740, "stop": 1726752687339, "uuid": "d37309fe-f10d-42eb-9f5a-407597d87eab", "historyId": "5fb8569e39d8437def998a812105bcf6", "testCaseId": "5fb8569e39d8437def998a812105bcf6", "fullName": "test_salesAddProducts.Test_SalesAddProducts#test_SalesAddProducts", "labels": [{"name": "tag", "value": "sale2e"}, {"name": "suite", "value": "test_salesAddProducts"}, {"name": "subSuite", "value": "Test_SalesAddProducts"}, {"name": "host", "value": "OPGLOOJEYINKA"}, {"name": "thread", "value": "36948-MainThread"}, {"name": "framework", "value": "pytest"}, {"name": "language", "value": "cpython3"}, {"name": "package", "value": "test_salesAddProducts"}]}