{"name": "test_PMProducts", "status": "broken", "statusDetails": {"message": "selenium.common.exceptions.TimeoutException: Message: \nStacktrace:\n\tGetHandleVerifier [0x004B83E3+25571]\n\t(No symbol) [0x0044A684]\n\t(No symbol) [0x00342113]\n\t(No symbol) [0x00386FB2]\n\t(No symbol) [0x003871FB]\n\t(No symbol) [0x003C7822]\n\t(No symbol) [0x003AAC54]\n\t(No symbol) [0x003C5349]\n\t(No symbol) [0x003AA9A6]\n\t(No symbol) [0x0037BAB6]\n\t(No symbol) [0x0037C50D]\n\tGetHandleVerifier [0x0078C4A3+2991267]\n\tGetHandleVerifier [0x007DD2C9+3322569]\n\tGetHandleVerifier [0x005484D2+615634]\n\tGetHandleVerifier [0x0054FBFC+646140]\n\t(No symbol) [0x0045327D]\n\t(No symbol) [0x00450188]\n\t(No symbol) [0x00450325]\n\t(No symbol) [0x00442826]\n\t(No symbol) [0x76077BA9]\n\tRtlInitializeExceptionChain [0x77ABBDAB+107]\n\tRtlClearBits [0x77ABBD2F+191]", "trace": "self = <testCases.test_pmProducts.Test_PMProducts object at 0x000001BEE9905BD0>\nsetup = <selenium.webdriver.chrome.webdriver.WebDriver (session=\"00e8b4ec1ad7f47e5a98f40df7c59a68\")>\n\n    def test_PMProducts(self, setup):\n        self.logger.info(\"*****Starting The Quote -> DocuSign Test*****\")\n        # Call the Browser Configuration\n        self.logger.info(\"*****Call the Browser Configuration*****\")\n        self.driver = setup\n        self.driver.implicitly_wait(10)\n        # Open the Website URL\n        self.logger.info(\"*****Open the Website URL*****\")\n        self.driver.get(self.baseURL)\n        # Fit the browser screen\n        self.logger.info(\"*****Fit the browser screen*****\")\n        self.driver.maximize_window()\n        # Define LoginPage Driver\n        self.logger.info(\"*****Define LoginPage Driver*****\")\n        self.lp = LoginPage(self.driver)\n        # Fill the UserName field\n        self.logger.info(\"*****Fill the UserName field*****\")\n        self.lp.setUserName(self.username)\n        # Fill the Password field\n        self.logger.info(\"*****Fill the Password field*****\")\n        self.lp.setPassword(self.password)\n        # Click on the Signin Button\n        self.logger.info(\"*****Click the Signin Button*****\")\n        self.lp.clickSignin()\n        time.sleep(5)\n    \n        self.qp = QuotePage(self.driver)\n        self.logger.info(\"*****Starting The Quote Page Test*****\")\n        # Click the CPQ Quote Tab\n        self.qp.clickCpqQuoteTab()\n        time.sleep(5)\n        # Click the PM Quote\n>       self.qp.PMQuote1()\n\ntestCases\\test_pmProducts.py:180: \n_ _ _ _ _ _ _ _ _ _ _ _ _ _ _ _ _ _ _ _ _ _ _ _ _ _ _ _ _ _ _ _ _ _ _ _ _ _ _ _ _ _ _ _ _ _ _ _ _ _ _ _ _ _ _ _ _ _ _ _ _ _ _ _ _ _ _ _ _ _ _ _ _\nPages\\QuotePage.py:65: in PMQuote1\n    pmquote = WebDriverWait(self.driver, 10).until(EC.element_to_be_clickable((By.XPATH, \"//a[@class='slds-truncate'][normalize-space()='Q-11710']\")))\n_ _ _ _ _ _ _ _ _ _ _ _ _ _ _ _ _ _ _ _ _ _ _ _ _ _ _ _ _ _ _ _ _ _ _ _ _ _ _ _ _ _ _ _ _ _ _ _ _ _ _ _ _ _ _ _ _ _ _ _ _ _ _ _ _ _ _ _ _ _ _ _ _\n\nself = <selenium.webdriver.support.wait.WebDriverWait (session=\"00e8b4ec1ad7f47e5a98f40df7c59a68\")>\nmethod = <function element_to_be_clickable.<locals>._predicate at 0x000001BEE922F880>, message = ''\n\n    def until(self, method, message: str = \"\"):\n        \"\"\"Calls the method provided with the driver as an argument until the \\\n        return value does not evaluate to ``False``.\n    \n        :param method: callable(WebDriver)\n        :param message: optional message for :exc:`TimeoutException`\n        :returns: the result of the last call to `method`\n        :raises: :exc:`selenium.common.exceptions.TimeoutException` if timeout occurs\n        \"\"\"\n        screen = None\n        stacktrace = None\n    \n        end_time = time.monotonic() + self._timeout\n        while True:\n            try:\n                value = method(self._driver)\n                if value:\n                    return value\n            except self._ignored_exceptions as exc:\n                screen = getattr(exc, \"screen\", None)\n                stacktrace = getattr(exc, \"stacktrace\", None)\n            time.sleep(self._poll)\n            if time.monotonic() > end_time:\n                break\n>       raise TimeoutException(message, screen, stacktrace)\nE       selenium.common.exceptions.TimeoutException: Message: \nE       Stacktrace:\nE       \tGetHandleVerifier [0x004B83E3+25571]\nE       \t(No symbol) [0x0044A684]\nE       \t(No symbol) [0x00342113]\nE       \t(No symbol) [0x00386FB2]\nE       \t(No symbol) [0x003871FB]\nE       \t(No symbol) [0x003C7822]\nE       \t(No symbol) [0x003AAC54]\nE       \t(No symbol) [0x003C5349]\nE       \t(No symbol) [0x003AA9A6]\nE       \t(No symbol) [0x0037BAB6]\nE       \t(No symbol) [0x0037C50D]\nE       \tGetHandleVerifier [0x0078C4A3+2991267]\nE       \tGetHandleVerifier [0x007DD2C9+3322569]\nE       \tGetHandleVerifier [0x005484D2+615634]\nE       \tGetHandleVerifier [0x0054FBFC+646140]\nE       \t(No symbol) [0x0045327D]\nE       \t(No symbol) [0x00450188]\nE       \t(No symbol) [0x00450325]\nE       \t(No symbol) [0x00442826]\nE       \t(No symbol) [0x76077BA9]\nE       \tRtlInitializeExceptionChain [0x77ABBDAB+107]\nE       \tRtlClearBits [0x77ABBD2F+191]\n\n..\\..\\AppData\\Local\\Programs\\Python\\Python311\\Lib\\site-packages\\selenium\\webdriver\\support\\wait.py:95: TimeoutException"}, "attachments": [{"name": "log", "source": "8a0c1dab-ff31-4170-8af7-0cec3fd45335-attachment.txt", "type": "text/plain"}], "start": 1727192789196, "stop": 1727192816455, "uuid": "04496117-7edc-40bd-b66b-c627f349f3fe", "historyId": "b75f9b5f7365228aa27679c25d0a7c8f", "testCaseId": "b75f9b5f7365228aa27679c25d0a7c8f", "fullName": "test_pmProducts.Test_PMProducts#test_PMProducts", "labels": [{"name": "suite", "value": "test_pmProducts"}, {"name": "subSuite", "value": "Test_PMProducts"}, {"name": "host", "value": "OPGLOOJEYINKA"}, {"name": "thread", "value": "22004-MainThread"}, {"name": "framework", "value": "pytest"}, {"name": "language", "value": "cpython3"}, {"name": "package", "value": "test_pmProducts"}]}