{"name": "test_Opportunity[4-4]", "status": "broken", "statusDetails": {"message": "selenium.common.exceptions.TimeoutException: Message: \nStacktrace:\n\tGetHandleVerifier [0x005D74D3+23139]\n\t(No symbol) [0x0055FCA4]\n\t(No symbol) [0x0043C2A3]\n\t(No symbol) [0x0047DC66]\n\t(No symbol) [0x0047DEAB]\n\t(No symbol) [0x004BB992]\n\t(No symbol) [0x0049FEC4]\n\t(No symbol) [0x004B9564]\n\t(No symbol) [0x0049FC16]\n\t(No symbol) [0x0047216C]\n\t(No symbol) [0x004730FD]\n\tGetHandleVerifier [0x0086BAA3+2727987]\n\tGetHandleVerifier [0x008C476E+3091710]\n\tGetHandleVerifier [0x008BCF52+3060962]\n\tGetHandleVerifier [0x00671460+653808]\n\t(No symbol) [0x00568E5D]\n\t(No symbol) [0x00565A48]\n\t(No symbol) [0x00565BE0]\n\t(No symbol) [0x00558110]\n\t(No symbol) [0x76F47BA9]\n\tRtlInitializeExceptionChain [0x778CBDAB+107]\n\tRtlClearBits [0x778CBD2F+191]", "trace": "self = <testCases.test_salesOpportunity.Test_SalesOpportunity object at 0x000001657672D010>\nsetup = <selenium.webdriver.chrome.webdriver.WebDriver (session=\"bac9a1a6389af436d7ce7381c623a6fc\")>\n\n    @pytest.mark.sales\n    def test_Opportunity(self, setup):\n        self.logger.info(\"*****Starting The Sales Opportunity Test*****\")\n        # Call the Browser Configuration\n        self.logger.info(\"*****Call the Browser Configuration*****\")\n        self.driver = setup\n        self.driver.implicitly_wait(10)\n        # Open the Website URL\n        self.logger.info(\"*****Open the Website URL*****\")\n        self.driver.get(self.baseURL)\n        # Fit the browser screen\n        self.logger.info(\"*****Fit the browser screen*****\")\n        self.driver.maximize_window()\n        # Define LoginPage Driver\n        self.logger.info(\"*****Define LoginPage Driver*****\")\n        self.lp = LoginPage(self.driver)\n        # Fill the UserName field\n        self.logger.info(\"*****Fill the UserName field*****\")\n        self.lp.setUserName(self.username)\n        # Fill the Password field\n        self.logger.info(\"*****Fill the Password field*****\")\n        self.lp.setPassword(self.password)\n        # Click on the Signin Button\n        self.logger.info(\"*****Click the Signin Button*****\")\n        self.lp.clickSignin()\n        time.sleep(7)\n    \n        self.Op = OpportunityPage(self.driver)\n        windowsIDs = self.driver.window_handles\n        parentwindowid = windowsIDs[0]\n        childwindowid = windowsIDs[1]\n        print(parentwindowid, childwindowid)\n        # Click the Account Tab\n        self.logger.info(\"*****Click the Account Tab*****\")\n        self.Op.clickAccountTab()\n        time.sleep(3)\n        # Click the Account Name\n        self.logger.info(\"*****Click the Account Name*****\")\n>       self.Op.clickAccountName()\n\ntestCases\\test_salesOpportunity.py:68: \n_ _ _ _ _ _ _ _ _ _ _ _ _ _ _ _ _ _ _ _ _ _ _ _ _ _ _ _ _ _ _ _ _ _ _ _ _ _ _ _ _ _ _ _ _ _ _ _ _ _ _ _ _ _ _ _ _ _ _ _ _ _ _ _ _ _ _ _ _ _ _ _ _\nPages\\OpportunityPage.py:23: in clickAccountName\n    account_name=WebDriverWait(self.driver, 10).until(EC.element_to_be_clickable((By.XPATH, \"//a[normalize-space()='Georgia Aquarium, INC.']\")))\n_ _ _ _ _ _ _ _ _ _ _ _ _ _ _ _ _ _ _ _ _ _ _ _ _ _ _ _ _ _ _ _ _ _ _ _ _ _ _ _ _ _ _ _ _ _ _ _ _ _ _ _ _ _ _ _ _ _ _ _ _ _ _ _ _ _ _ _ _ _ _ _ _\n\nself = <selenium.webdriver.support.wait.WebDriverWait (session=\"bac9a1a6389af436d7ce7381c623a6fc\")>\nmethod = <function element_to_be_clickable.<locals>._predicate at 0x0000016575AD9F80>, message = ''\n\n    def until(self, method, message: str = \"\"):\n        \"\"\"Calls the method provided with the driver as an argument until the \\\n        return value does not evaluate to ``False``.\n    \n        :param method: callable(WebDriver)\n        :param message: optional message for :exc:`TimeoutException`\n        :returns: the result of the last call to `method`\n        :raises: :exc:`selenium.common.exceptions.TimeoutException` if timeout occurs\n        \"\"\"\n        screen = None\n        stacktrace = None\n    \n        end_time = time.monotonic() + self._timeout\n        while True:\n            try:\n                value = method(self._driver)\n                if value:\n                    return value\n            except self._ignored_exceptions as exc:\n                screen = getattr(exc, \"screen\", None)\n                stacktrace = getattr(exc, \"stacktrace\", None)\n            time.sleep(self._poll)\n            if time.monotonic() > end_time:\n                break\n>       raise TimeoutException(message, screen, stacktrace)\nE       selenium.common.exceptions.TimeoutException: Message: \nE       Stacktrace:\nE       \tGetHandleVerifier [0x005D74D3+23139]\nE       \t(No symbol) [0x0055FCA4]\nE       \t(No symbol) [0x0043C2A3]\nE       \t(No symbol) [0x0047DC66]\nE       \t(No symbol) [0x0047DEAB]\nE       \t(No symbol) [0x004BB992]\nE       \t(No symbol) [0x0049FEC4]\nE       \t(No symbol) [0x004B9564]\nE       \t(No symbol) [0x0049FC16]\nE       \t(No symbol) [0x0047216C]\nE       \t(No symbol) [0x004730FD]\nE       \tGetHandleVerifier [0x0086BAA3+2727987]\nE       \tGetHandleVerifier [0x008C476E+3091710]\nE       \tGetHandleVerifier [0x008BCF52+3060962]\nE       \tGetHandleVerifier [0x00671460+653808]\nE       \t(No symbol) [0x00568E5D]\nE       \t(No symbol) [0x00565A48]\nE       \t(No symbol) [0x00565BE0]\nE       \t(No symbol) [0x00558110]\nE       \t(No symbol) [0x76F47BA9]\nE       \tRtlInitializeExceptionChain [0x778CBDAB+107]\nE       \tRtlClearBits [0x778CBD2F+191]\n\n..\\..\\AppData\\Local\\Programs\\Python\\Python311\\Lib\\site-packages\\selenium\\webdriver\\support\\wait.py:95: TimeoutException"}, "attachments": [{"name": "log", "source": "33bc9ee7-753f-4ea9-88f6-074541d131be-attachment.txt", "type": "text/plain"}, {"name": "stdout", "source": "4e805a16-c545-4829-a026-da5dabaf547f-attachment.txt", "type": "text/plain"}], "parameters": [{"name": "__pytest_repeat_step_number", "value": "3"}], "start": 1729628139378, "stop": 1729628264069, "uuid": "58963d30-1e9c-4f66-94a9-e1f138bfb6d1", "historyId": "182024933c3ea3e60bb2812060163e3e", "testCaseId": "d08e0d5dbdba94461afb41669c70da53", "fullName": "test_salesOpportunity.Test_SalesOpportunity#test_Opportunity", "labels": [{"name": "tag", "value": "sales"}, {"name": "suite", "value": "test_salesOpportunity"}, {"name": "subSuite", "value": "Test_SalesOpportunity"}, {"name": "host", "value": "OPGLOOJEYINKA"}, {"name": "thread", "value": "19800-MainThread"}, {"name": "framework", "value": "pytest"}, {"name": "language", "value": "cpython3"}, {"name": "package", "value": "test_salesOpportunity"}]}