{"name": "test_SalesLabor", "status": "broken", "statusDetails": {"message": "selenium.common.exceptions.TimeoutException: Message: \nStacktrace:\n\tGetHandleVerifier [0x008583E3+25571]\n\t(No symbol) [0x007EA684]\n\t(No symbol) [0x006E2113]\n\t(No symbol) [0x00726FB2]\n\t(No symbol) [0x007271FB]\n\t(No symbol) [0x00767822]\n\t(No symbol) [0x0074AC54]\n\t(No symbol) [0x00765349]\n\t(No symbol) [0x0074A9A6]\n\t(No symbol) [0x0071BAB6]\n\t(No symbol) [0x0071C50D]\n\tGetHandleVerifier [0x00B2C4A3+2991267]\n\tGetHandleVerifier [0x00B7D2C9+3322569]\n\tGetHandleVerifier [0x008E84D2+615634]\n\tGetHandleVerifier [0x008EFBFC+646140]\n\t(No symbol) [0x007F327D]\n\t(No symbol) [0x007F0188]\n\t(No symbol) [0x007F0325]\n\t(No symbol) [0x007E2826]\n\t(No symbol) [0x76077BA9]\n\tRtlInitializeExceptionChain [0x77ABBDAB+107]\n\tRtlClearBits [0x77ABBD2F+191]", "trace": "self = <testCases.test_salesLaborTravel.Test_SalesLaborTravel object at 0x000001E9E4742F10>\nsetup = <selenium.webdriver.chrome.webdriver.WebDriver (session=\"bf1207bbbf67310b7e9a6eabab522e1b\")>\n\n    def test_SalesLabor(self, setup):\n        self.logger.info(\"*****Starting The Quote -> DocuSign Test*****\")\n        # Call the Browser Configuration\n        self.logger.info(\"*****Call the Browser Configuration*****\")\n        self.driver = setup\n        self.driver.implicitly_wait(10)\n        # Open the Website URL\n        self.logger.info(\"*****Open the Website URL*****\")\n        self.driver.get(self.baseURL)\n        # Fit the browser screen\n        self.logger.info(\"*****Fit the browser screen*****\")\n        self.driver.maximize_window()\n        # Define LoginPage Driver\n        self.logger.info(\"*****Define LoginPage Driver*****\")\n        self.lp = LoginPage(self.driver)\n        # Fill the UserName field\n        self.logger.info(\"*****Fill the UserName field*****\")\n        self.lp.setUserName(self.username)\n        # Fill the Password field\n        self.logger.info(\"*****Fill the Password field*****\")\n        self.lp.setPassword(self.password)\n        # Click on the Signin Button\n        self.logger.info(\"*****Click the Signin Button*****\")\n        self.lp.clickSignin()\n        time.sleep(5)\n    \n        self.qp = QuotePage(self.driver)\n        self.logger.info(\"*****Starting The Quote Page Test*****\")\n        self.logger.info(\"*****Click The Quote Tab*****\")\n        self.qp.clickCpqQuoteTab()\n        time.sleep(5)\n        self.logger.info(\"*****Click The Sales Quote*****\")\n>       self.qp.SalesQuote1()\n\ntestCases\\test_salesLaborTravel.py:75: \n_ _ _ _ _ _ _ _ _ _ _ _ _ _ _ _ _ _ _ _ _ _ _ _ _ _ _ _ _ _ _ _ _ _ _ _ _ _ _ _ _ _ _ _ _ _ _ _ _ _ _ _ _ _ _ _ _ _ _ _ _ _ _ _ _ _ _ _ _ _ _ _ _\nPages\\QuotePage.py:57: in SalesQuote1\n    salesquote = WebDriverWait(self.driver, 10).until(EC.element_to_be_clickable((By.XPATH, \"//a[@class='slds-truncate'][normalize-space()='Q-11020']\")))\n_ _ _ _ _ _ _ _ _ _ _ _ _ _ _ _ _ _ _ _ _ _ _ _ _ _ _ _ _ _ _ _ _ _ _ _ _ _ _ _ _ _ _ _ _ _ _ _ _ _ _ _ _ _ _ _ _ _ _ _ _ _ _ _ _ _ _ _ _ _ _ _ _\n\nself = <selenium.webdriver.support.wait.WebDriverWait (session=\"bf1207bbbf67310b7e9a6eabab522e1b\")>\nmethod = <function element_to_be_clickable.<locals>._predicate at 0x000001E9E7100F40>, message = ''\n\n    def until(self, method, message: str = \"\"):\n        \"\"\"Calls the method provided with the driver as an argument until the \\\n        return value does not evaluate to ``False``.\n    \n        :param method: callable(WebDriver)\n        :param message: optional message for :exc:`TimeoutException`\n        :returns: the result of the last call to `method`\n        :raises: :exc:`selenium.common.exceptions.TimeoutException` if timeout occurs\n        \"\"\"\n        screen = None\n        stacktrace = None\n    \n        end_time = time.monotonic() + self._timeout\n        while True:\n            try:\n                value = method(self._driver)\n                if value:\n                    return value\n            except self._ignored_exceptions as exc:\n                screen = getattr(exc, \"screen\", None)\n                stacktrace = getattr(exc, \"stacktrace\", None)\n            time.sleep(self._poll)\n            if time.monotonic() > end_time:\n                break\n>       raise TimeoutException(message, screen, stacktrace)\nE       selenium.common.exceptions.TimeoutException: Message: \nE       Stacktrace:\nE       \tGetHandleVerifier [0x008583E3+25571]\nE       \t(No symbol) [0x007EA684]\nE       \t(No symbol) [0x006E2113]\nE       \t(No symbol) [0x00726FB2]\nE       \t(No symbol) [0x007271FB]\nE       \t(No symbol) [0x00767822]\nE       \t(No symbol) [0x0074AC54]\nE       \t(No symbol) [0x00765349]\nE       \t(No symbol) [0x0074A9A6]\nE       \t(No symbol) [0x0071BAB6]\nE       \t(No symbol) [0x0071C50D]\nE       \tGetHandleVerifier [0x00B2C4A3+2991267]\nE       \tGetHandleVerifier [0x00B7D2C9+3322569]\nE       \tGetHandleVerifier [0x008E84D2+615634]\nE       \tGetHandleVerifier [0x008EFBFC+646140]\nE       \t(No symbol) [0x007F327D]\nE       \t(No symbol) [0x007F0188]\nE       \t(No symbol) [0x007F0325]\nE       \t(No symbol) [0x007E2826]\nE       \t(No symbol) [0x76077BA9]\nE       \tRtlInitializeExceptionChain [0x77ABBDAB+107]\nE       \tRtlClearBits [0x77ABBD2F+191]\n\n..\\..\\AppData\\Local\\Programs\\Python\\Python311\\Lib\\site-packages\\selenium\\webdriver\\support\\wait.py:95: TimeoutException"}, "attachments": [{"name": "log", "source": "b09a0a99-6315-41e9-9f8e-c397d9f80fb6-attachment.txt", "type": "text/plain"}], "start": 1726938883465, "stop": 1726938909561, "uuid": "1c5311ff-b890-4aaa-9be7-83b9abccce9e", "historyId": "7d3f34f23c0add04b05a68f89649f3aa", "testCaseId": "7d3f34f23c0add04b05a68f89649f3aa", "fullName": "test_salesLaborTravel.Test_SalesLaborTravel#test_SalesLabor", "labels": [{"name": "suite", "value": "test_salesLaborTravel"}, {"name": "subSuite", "value": "Test_SalesLaborTravel"}, {"name": "host", "value": "OPGLOOJEYINKA"}, {"name": "thread", "value": "5904-MainThread"}, {"name": "framework", "value": "pytest"}, {"name": "language", "value": "cpython3"}, {"name": "package", "value": "test_salesLaborTravel"}]}