{"name": "test_Opportunity", "status": "broken", "statusDetails": {"message": "selenium.common.exceptions.TimeoutException: Message: \nStacktrace:\n\tGetHandleVerifier [0x00568213+26163]\n\t(No symbol) [0x004F9CC4]\n\t(No symbol) [0x003F24C3]\n\t(No symbol) [0x00437453]\n\t(No symbol) [0x0043762B]\n\t(No symbol) [0x00476B62]\n\t(No symbol) [0x0045AD04]\n\t(No symbol) [0x00474661]\n\t(No symbol) [0x0045AA56]\n\t(No symbol) [0x0042BE89]\n\t(No symbol) [0x0042C8CD]\n\tGetHandleVerifier [0x0083D313+2996019]\n\tGetHandleVerifier [0x00891B89+3342249]\n\tGetHandleVerifier [0x005F7AEF+614159]\n\tGetHandleVerifier [0x005FF17C+644508]\n\t(No symbol) [0x005027FD]\n\t(No symbol) [0x004FF6F8]\n\t(No symbol) [0x004FF895]\n\t(No symbol) [0x004F1C16]\n\t(No symbol) [0x76AB7BA9]\n\tRtlInitializeExceptionChain [0x776BBDAB+107]\n\tRtlClearBits [0x776BBD2F+191]", "trace": "self = <testCases.test_salesOpportunity.Test_SalesOpportunity object at 0x0000012D71D6CA10>\nsetup = <selenium.webdriver.chrome.webdriver.WebDriver (session=\"ada144f0b84cb2e3ff4ad8aaf3405352\")>\n\n    @pytest.mark.sales\n    def test_Opportunity(self, setup):\n        self.logger.info(\"*****Starting The Sales Opportunity Test*****\")\n        # Call the Browser Configuration\n        self.logger.info(\"*****Call the Browser Configuration*****\")\n        self.driver = setup\n        self.driver.implicitly_wait(10)\n        # Open the Website URL\n        self.logger.info(\"*****Open the Website URL*****\")\n        self.driver.get(self.baseURL)\n        # Fit the browser screen\n        self.logger.info(\"*****Fit the browser screen*****\")\n        self.driver.maximize_window()\n        # Define LoginPage Driver\n        self.logger.info(\"*****Define LoginPage Driver*****\")\n        self.lp = LoginPage(self.driver)\n        # Fill the UserName field\n        self.logger.info(\"*****Fill the UserName field*****\")\n        self.lp.setUserName(self.username)\n        # Fill the Password field\n        self.logger.info(\"*****Fill the Password field*****\")\n        self.lp.setPassword(self.password)\n        # Click on the Signin Button\n        self.logger.info(\"*****Click the Signin Button*****\")\n        self.lp.clickSignin()\n        time.sleep(7)\n    \n        self.Op = OpportunityPage(self.driver)\n        windowsIDs = self.driver.window_handles\n        parentwindowid = windowsIDs[0]\n        childwindowid = windowsIDs[1]\n        print(parentwindowid, childwindowid)\n        # Click the Account Tab\n        self.logger.info(\"*****Click the Account Tab*****\")\n        self.Op.clickAccountTab()\n        time.sleep(3)\n        # Click the Account Name\n        self.logger.info(\"*****Click the Account Name*****\")\n        self.Op.clickAccountName()\n        time.sleep(3)\n        self.driver.execute_script(\"window.scrollBy(0, 190)\")\n        time.sleep(5)\n        # Click the Location Name\n        self.logger.info(\"*****Click the Location Name*****\")\n>       self.Op.clickLocationUat()\n\ntestCases\\test_salesOpportunity.py:74: \n_ _ _ _ _ _ _ _ _ _ _ _ _ _ _ _ _ _ _ _ _ _ _ _ _ _ _ _ _ _ _ _ _ _ _ _ _ _ _ _ _ _ _ _ _ _ _ _ _ _ _ _ _ _ _ _ _ _ _ _ _ _ _ _ _ _ _ _ _ _ _ _ _\nPages\\OpportunityPage.py:39: in clickLocationUat\n    location=WebDriverWait(self.driver, 10).until(EC.element_to_be_clickable((By.XPATH, \"//a[contains(text(),'Georgia Aquarium (Unknown) 357 Luckie Street North')]\")))\n_ _ _ _ _ _ _ _ _ _ _ _ _ _ _ _ _ _ _ _ _ _ _ _ _ _ _ _ _ _ _ _ _ _ _ _ _ _ _ _ _ _ _ _ _ _ _ _ _ _ _ _ _ _ _ _ _ _ _ _ _ _ _ _ _ _ _ _ _ _ _ _ _\n\nself = <selenium.webdriver.support.wait.WebDriverWait (session=\"ada144f0b84cb2e3ff4ad8aaf3405352\")>\nmethod = <function element_to_be_clickable.<locals>._predicate at 0x0000012D71FEDC60>, message = ''\n\n    def until(self, method, message: str = \"\"):\n        \"\"\"Calls the method provided with the driver as an argument until the \\\n        return value does not evaluate to ``False``.\n    \n        :param method: callable(WebDriver)\n        :param message: optional message for :exc:`TimeoutException`\n        :returns: the result of the last call to `method`\n        :raises: :exc:`selenium.common.exceptions.TimeoutException` if timeout occurs\n        \"\"\"\n        screen = None\n        stacktrace = None\n    \n        end_time = time.monotonic() + self._timeout\n        while True:\n            try:\n                value = method(self._driver)\n                if value:\n                    return value\n            except self._ignored_exceptions as exc:\n                screen = getattr(exc, \"screen\", None)\n                stacktrace = getattr(exc, \"stacktrace\", None)\n            time.sleep(self._poll)\n            if time.monotonic() > end_time:\n                break\n>       raise TimeoutException(message, screen, stacktrace)\nE       selenium.common.exceptions.TimeoutException: Message: \nE       Stacktrace:\nE       \tGetHandleVerifier [0x00568213+26163]\nE       \t(No symbol) [0x004F9CC4]\nE       \t(No symbol) [0x003F24C3]\nE       \t(No symbol) [0x00437453]\nE       \t(No symbol) [0x0043762B]\nE       \t(No symbol) [0x00476B62]\nE       \t(No symbol) [0x0045AD04]\nE       \t(No symbol) [0x00474661]\nE       \t(No symbol) [0x0045AA56]\nE       \t(No symbol) [0x0042BE89]\nE       \t(No symbol) [0x0042C8CD]\nE       \tGetHandleVerifier [0x0083D313+2996019]\nE       \tGetHandleVerifier [0x00891B89+3342249]\nE       \tGetHandleVerifier [0x005F7AEF+614159]\nE       \tGetHandleVerifier [0x005FF17C+644508]\nE       \t(No symbol) [0x005027FD]\nE       \t(No symbol) [0x004FF6F8]\nE       \t(No symbol) [0x004FF895]\nE       \t(No symbol) [0x004F1C16]\nE       \t(No symbol) [0x76AB7BA9]\nE       \tRtlInitializeExceptionChain [0x776BBDAB+107]\nE       \tRtlClearBits [0x776BBD2F+191]\n\n..\\..\\AppData\\Local\\Programs\\Python\\Python311\\Lib\\site-packages\\selenium\\webdriver\\support\\wait.py:95: TimeoutException"}, "attachments": [{"name": "log", "source": "5f317396-126e-4ed3-8118-f202f9901309-attachment.txt", "type": "text/plain"}, {"name": "stdout", "source": "0bd796aa-94c2-4fa3-8356-6f703e20d82e-attachment.txt", "type": "text/plain"}], "start": 1725980408815, "stop": 1725980443858, "uuid": "bc2c069a-5a2e-4425-975d-b3b64c92de5d", "historyId": "d08e0d5dbdba94461afb41669c70da53", "testCaseId": "d08e0d5dbdba94461afb41669c70da53", "fullName": "test_salesOpportunity.Test_SalesOpportunity#test_Opportunity", "labels": [{"name": "tag", "value": "sales"}, {"name": "suite", "value": "test_salesOpportunity"}, {"name": "subSuite", "value": "Test_SalesOpportunity"}, {"name": "host", "value": "OPGLOOJEYINKA"}, {"name": "thread", "value": "21736-MainThread"}, {"name": "framework", "value": "pytest"}, {"name": "language", "value": "cpython3"}, {"name": "package", "value": "test_salesOpportunity"}]}