{"name": "test_Opportunity", "status": "broken", "statusDetails": {"message": "selenium.common.exceptions.TimeoutException: Message:", "trace": "self = <testCases.test_salesOpportunity.Test_SalesOpportunity object at 0x000001F58093A5D0>\nsetup = <selenium.webdriver.chrome.webdriver.WebDriver (session=\"5d35166f51d10dad545873ea5ee5f395\")>\n\n    @pytest.mark.sales\n    def test_Opportunity(self, setup):\n        self.logger.info(\"*****Starting The Sales Opportunity Test*****\")\n        # Call the Browser Configuration\n        self.logger.info(\"*****Call the Browser Configuration*****\")\n        self.driver = setup\n        self.driver.implicitly_wait(10)\n        # Open the Website URL\n        self.logger.info(\"*****Open the Website URL*****\")\n        self.driver.get(self.baseURL)\n        # assert self.driver.current_window_handle == self.baseURL, \"Failed to open the website URL.\"\n        # Fit the browser screen\n        self.logger.info(\"*****Fit the browser screen*****\")\n        self.driver.maximize_window()\n        # Define LoginPage Driver\n        self.logger.info(\"*****Define LoginPage Driver*****\")\n        self.lp = LoginPage(self.driver)\n        # Fill the UserName field\n        self.logger.info(\"*****Fill the UserName field*****\")\n        self.lp.setUserName(self.username)\n        # Fill the Password field\n        self.logger.info(\"*****Fill the Password field*****\")\n        self.lp.setPassword(self.password)\n        # Click on the Signin Button\n        self.logger.info(\"*****Click the Signin Button*****\")\n        self.lp.clickSignin()\n        time.sleep(7)\n        assert \"Home | Salesforce\" in self.driver.title, \"Failed to log in; Home | Salesforce page not displayed.\"\n    \n        self.Op = OpportunityPage(self.driver)\n        windowsIDs = self.driver.window_handles\n        parentwindowid = windowsIDs[0]\n        childwindowid = windowsIDs[1]\n        print(parentwindowid, childwindowid)\n        # Click the Account Tab\n        self.logger.info(\"*****Click the Account Tab*****\")\n        self.Op.clickAccountTab()\n        time.sleep(3)\n        assert \"Accounts\" in self.driver.title, \"Failed to navigate to the Account tab.\"\n        # Click the Account Name\n        self.logger.info(\"*****Click the Account Name*****\")\n        self.Op.clickAccountName()\n        time.sleep(3)\n        self.driver.execute_script(\"window.scrollBy(0, 220)\")\n        time.sleep(5)\n        # Click the Location Name\n        self.logger.info(\"*****Click the Location Name*****\")\n>       self.Op.clickLocationUat()\n\ntestCases\\test_salesOpportunity.py:77: \n_ _ _ _ _ _ _ _ _ _ _ _ _ _ _ _ _ _ _ _ _ _ _ _ _ _ _ _ _ _ _ _ _ _ _ _ _ _ _ _ _ _ _ _ _ _ _ _ _ _ _ _ _ _ _ _ _ _ _ _ _ _ _ _ _ _ _ _ _ _ _ _ _\nPages\\OpportunityPage.py:39: in clickLocationUat\n    location=WebDriverWait(self.driver, 10).until(EC.element_to_be_clickable((By.XPATH, \"//a[contains(text(),'Georgia Aquarium')]\")))\n_ _ _ _ _ _ _ _ _ _ _ _ _ _ _ _ _ _ _ _ _ _ _ _ _ _ _ _ _ _ _ _ _ _ _ _ _ _ _ _ _ _ _ _ _ _ _ _ _ _ _ _ _ _ _ _ _ _ _ _ _ _ _ _ _ _ _ _ _ _ _ _ _\n\nself = <selenium.webdriver.support.wait.WebDriverWait (session=\"5d35166f51d10dad545873ea5ee5f395\")>\nmethod = <function element_to_be_clickable.<locals>._predicate at 0x000001F582539F80>, message = ''\n\n    def until(self, method, message: str = \"\"):\n        \"\"\"Calls the method provided with the driver as an argument until the \\\n        return value does not evaluate to ``False``.\n    \n        :param method: callable(WebDriver)\n        :param message: optional message for :exc:`TimeoutException`\n        :returns: the result of the last call to `method`\n        :raises: :exc:`selenium.common.exceptions.TimeoutException` if timeout occurs\n        \"\"\"\n        screen = None\n        stacktrace = None\n    \n        end_time = time.monotonic() + self._timeout\n        while True:\n            try:\n                value = method(self._driver)\n                if value:\n                    return value\n            except self._ignored_exceptions as exc:\n                screen = getattr(exc, \"screen\", None)\n                stacktrace = getattr(exc, \"stacktrace\", None)\n            time.sleep(self._poll)\n            if time.monotonic() > end_time:\n                break\n>       raise TimeoutException(message, screen, stacktrace)\nE       selenium.common.exceptions.TimeoutException: Message:\n\n..\\..\\AppData\\Local\\Programs\\Python\\Python311\\Lib\\site-packages\\selenium\\webdriver\\support\\wait.py:95: TimeoutException"}, "attachments": [{"name": "log", "source": "eaca592e-db81-4455-95b0-c7ab7c636e6f-attachment.txt", "type": "text/plain"}, {"name": "stdout", "source": "0784bb6f-7419-4474-9853-fd3e43714feb-attachment.txt", "type": "text/plain"}], "start": 1730738654840, "stop": 1730738690663, "uuid": "9eb02a35-06cf-4f24-81a4-a51327640163", "historyId": "d08e0d5dbdba94461afb41669c70da53", "testCaseId": "d08e0d5dbdba94461afb41669c70da53", "fullName": "test_salesOpportunity.Test_SalesOpportunity#test_Opportunity", "labels": [{"name": "tag", "value": "sales"}, {"name": "suite", "value": "test_salesOpportunity"}, {"name": "subSuite", "value": "Test_SalesOpportunity"}, {"name": "host", "value": "OPGLOOJEYINKA"}, {"name": "thread", "value": "31228-MainThread"}, {"name": "framework", "value": "pytest"}, {"name": "language", "value": "cpython3"}, {"name": "package", "value": "test_salesOpportunity"}]}