{"name": "test_salesCheck", "status": "failed", "statusDetails": {"message": "AssertionError: Stage Is Not Correct\nassert 'Closed Won Pending' is 'Closed Won Pending'", "trace": "self = <testCases.test_salesCheck.Test_SalesCheck object at 0x000002128EA023D0>\nsetup = <selenium.webdriver.chrome.webdriver.WebDriver (session=\"bb80658002b39ecd0178e00a8dbccf8d\")>\n\n    @pytest.mark.sales\n    def test_salesCheck(self, setup):\n        self.logger.info(\"*****Starting The Sales Opportunity Test*****\")\n        # Call the Browser Configuration\n        self.logger.info(\"*****Call the Browser Configuration*****\")\n        self.driver = setup\n        self.driver.implicitly_wait(10)\n        # Open the Website URL\n        self.logger.info(\"*****Open the Website URL*****\")\n        self.driver.get(self.baseURL)\n        # Fit the browser screen\n        self.logger.info(\"*****Fit the browser screen*****\")\n        self.driver.maximize_window()\n        # Define LoginPage Driver\n        self.logger.info(\"*****Define LoginPage Driver*****\")\n        self.lp = LoginPage(self.driver)\n        # Fill the UserName field\n        self.logger.info(\"*****Fill the UserName field*****\")\n        self.lp.setUserName(self.username)\n        # Fill the Password field\n        self.logger.info(\"*****Fill the Password field*****\")\n        self.lp.setPassword(self.password)\n        # Click on the Signin Button\n        self.logger.info(\"*****Click the Signin Button*****\")\n        self.lp.clickSignin()\n        time.sleep(7)\n    \n        self.qp = QuotePage(self.driver)\n        windowsIDs = self.driver.window_handles\n        parentwindowid = windowsIDs[0]\n        childwindowid = windowsIDs[1]\n        print(parentwindowid, childwindowid)\n        # Click the Opportunity Tab\n        self.qp.clickOpportunityTab()\n        time.sleep(3)\n        # Click on an Opportunity ID\n        self.qp.clickOpportunityIDSales()\n        time.sleep(3)\n        # assert \"expected_text\" in self.driver.find_element(By.XPATH, \"//span[@class='test-id__field-label'][normalize-space()='Stage']\").get_attribute(self.driver, \"Closed Won Pending\")\n        # assert self.driver.find_element(By.XPATH, \"//span[@class='test-id__field-label'][normalize-space()='Stage']\").text == 'Closed Won Pending'\n        # assert self.driver.find_element(By.XPATH, \"//span[@class='test-id__field-label'][normalize-space()='Stage']\").get_attribute(\"Closed Won Pending\") == \"Closed Won Pending\"\n        # input_field = self.driver.find_element(By.XPATH, \"//span[@class='test-id__field-label'][normalize-space()='Stage']\")\n        stage = self.driver.find_element(By.XPATH, \"//span[@class='test-id__field-value slds-form-element__static slds-grow word-break-ie11']\").text\n>       assert stage is \"Closed Won Pending\", \"Stage Is Not Correct\"\nE       AssertionError: Stage Is Not Correct\nE       assert 'Closed Won Pending' is 'Closed Won Pending'\n\ntestCases\\test_salesCheck.py:73: AssertionError"}, "attachments": [{"name": "log", "source": "0005ddbb-e25c-417d-bfa8-f35db57e63b1-attachment.txt", "type": "text/plain"}, {"name": "stdout", "source": "a8d14ed4-8c0c-4299-9291-5c004217c419-attachment.txt", "type": "text/plain"}], "start": 1724347392314, "stop": 1724347410288, "uuid": "d2d76dde-4915-4c1d-ae8a-e83322784014", "historyId": "5fee88f8c11c6d1c530a22c8975e4478", "testCaseId": "5fee88f8c11c6d1c530a22c8975e4478", "fullName": "test_salesCheck.Test_SalesCheck#test_salesCheck", "labels": [{"name": "tag", "value": "sales"}, {"name": "suite", "value": "test_salesCheck"}, {"name": "subSuite", "value": "Test_SalesCheck"}, {"name": "host", "value": "OPGLOOJEYINKA"}, {"name": "thread", "value": "4544-MainThread"}, {"name": "framework", "value": "pytest"}, {"name": "language", "value": "cpython3"}, {"name": "package", "value": "test_salesCheck"}]}