{"name": "test_SalesLabor", "status": "broken", "statusDetails": {"message": "selenium.common.exceptions.TimeoutException: Message: \nStacktrace:\n\tGetHandleVerifier [0x002ED933+25811]\n\t(No symbol) [0x0027E314]\n\t(No symbol) [0x00172523]\n\t(No symbol) [0x001B7483]\n\t(No symbol) [0x001B765B]\n\t(No symbol) [0x001F6BA2]\n\t(No symbol) [0x001DAD74]\n\t(No symbol) [0x001F46F0]\n\t(No symbol) [0x001DAAC6]\n\t(No symbol) [0x001ABEFD]\n\t(No symbol) [0x001AC8FD]\n\tGetHandleVerifier [0x005BF143+2981091]\n\tGetHandleVerifier [0x00612FF9+3324825]\n\tGetHandleVerifier [0x0037B32F+605903]\n\tGetHandleVerifier [0x00382CBC+637020]\n\t(No symbol) [0x00286F4D]\n\t(No symbol) [0x00283DD8]\n\t(No symbol) [0x00283F75]\n\t(No symbol) [0x00276406]\n\t(No symbol) [0x76AB7BA9]\n\tRtlInitializeExceptionChain [0x776BBDAB+107]\n\tRtlClearBits [0x776BBD2F+191]\n\t(No symbol) [0x00000000]", "trace": "self = <testCases.test_salesLaborTravel.Test_SalesDocuSign object at 0x000001CD9C2A1710>\nsetup = <selenium.webdriver.chrome.webdriver.WebDriver (session=\"9acf4add055f0b630b7ee81af484868d\")>\n\n    def test_SalesLabor(self, setup):\n        self.logger.info(\"*****Starting The Quote -> DocuSign Test*****\")\n        # Call the Browser Configuration\n        self.logger.info(\"*****Call the Browser Configuration*****\")\n        self.driver = setup\n        self.driver.implicitly_wait(10)\n        # Open the Website URL\n        self.logger.info(\"*****Open the Website URL*****\")\n        self.driver.get(self.baseURL)\n        # Fit the browser screen\n        self.logger.info(\"*****Fit the browser screen*****\")\n        self.driver.maximize_window()\n        # Define LoginPage Driver\n        self.logger.info(\"*****Define LoginPage Driver*****\")\n        self.lp = LoginPage(self.driver)\n        # Fill the UserName field\n        self.logger.info(\"*****Fill the UserName field*****\")\n        self.lp.setUserName(self.username)\n        # Fill the Password field\n        self.logger.info(\"*****Fill the Password field*****\")\n        self.lp.setPassword(self.password)\n        # Click on the Signin Button\n        self.logger.info(\"*****Click the Signin Button*****\")\n        self.lp.clickSignin()\n        time.sleep(5)\n    \n        self.qp = QuotePage(self.driver)\n        self.logger.info(\"*****Starting The Quote Page Test*****\")\n        self.logger.info(\"*****Click The Quote Tab*****\")\n        self.qp.clickCpqQuoteTab()\n        time.sleep(5)\n        self.logger.info(\"*****Click The Sales Quote*****\")\n        self.qp.SalesQuote1()\n        time.sleep(2)\n        self.logger.info(\"*****Click the Edit Lines Button*****\")\n>       self.qp.clickEditlines()\n\ntestCases\\test_salesLaborTravel.py:78: \n_ _ _ _ _ _ _ _ _ _ _ _ _ _ _ _ _ _ _ _ _ _ _ _ _ _ _ _ _ _ _ _ _ _ _ _ _ _ _ _ _ _ _ _ _ _ _ _ _ _ _ _ _ _ _ _ _ _ _ _ _ _ _ _ _ _ _ _ _ _ _ _ _\nPages\\QuotePage.py:73: in clickEditlines\n    editL=WebDriverWait(self.driver, 20).until(EC.element_to_be_clickable((By.XPATH, \"//button[contains(text(),'Edit Lines')]\")))\n_ _ _ _ _ _ _ _ _ _ _ _ _ _ _ _ _ _ _ _ _ _ _ _ _ _ _ _ _ _ _ _ _ _ _ _ _ _ _ _ _ _ _ _ _ _ _ _ _ _ _ _ _ _ _ _ _ _ _ _ _ _ _ _ _ _ _ _ _ _ _ _ _\n\nself = <selenium.webdriver.support.wait.WebDriverWait (session=\"9acf4add055f0b630b7ee81af484868d\")>\nmethod = <function element_to_be_clickable.<locals>._predicate at 0x000001CD9B829F80>, message = ''\n\n    def until(self, method, message: str = \"\"):\n        \"\"\"Calls the method provided with the driver as an argument until the \\\n        return value does not evaluate to ``False``.\n    \n        :param method: callable(WebDriver)\n        :param message: optional message for :exc:`TimeoutException`\n        :returns: the result of the last call to `method`\n        :raises: :exc:`selenium.common.exceptions.TimeoutException` if timeout occurs\n        \"\"\"\n        screen = None\n        stacktrace = None\n    \n        end_time = time.monotonic() + self._timeout\n        while True:\n            try:\n                value = method(self._driver)\n                if value:\n                    return value\n            except self._ignored_exceptions as exc:\n                screen = getattr(exc, \"screen\", None)\n                stacktrace = getattr(exc, \"stacktrace\", None)\n            time.sleep(self._poll)\n            if time.monotonic() > end_time:\n                break\n>       raise TimeoutException(message, screen, stacktrace)\nE       selenium.common.exceptions.TimeoutException: Message: \nE       Stacktrace:\nE       \tGetHandleVerifier [0x002ED933+25811]\nE       \t(No symbol) [0x0027E314]\nE       \t(No symbol) [0x00172523]\nE       \t(No symbol) [0x001B7483]\nE       \t(No symbol) [0x001B765B]\nE       \t(No symbol) [0x001F6BA2]\nE       \t(No symbol) [0x001DAD74]\nE       \t(No symbol) [0x001F46F0]\nE       \t(No symbol) [0x001DAAC6]\nE       \t(No symbol) [0x001ABEFD]\nE       \t(No symbol) [0x001AC8FD]\nE       \tGetHandleVerifier [0x005BF143+2981091]\nE       \tGetHandleVerifier [0x00612FF9+3324825]\nE       \tGetHandleVerifier [0x0037B32F+605903]\nE       \tGetHandleVerifier [0x00382CBC+637020]\nE       \t(No symbol) [0x00286F4D]\nE       \t(No symbol) [0x00283DD8]\nE       \t(No symbol) [0x00283F75]\nE       \t(No symbol) [0x00276406]\nE       \t(No symbol) [0x76AB7BA9]\nE       \tRtlInitializeExceptionChain [0x776BBDAB+107]\nE       \tRtlClearBits [0x776BBD2F+191]\nE       \t(No symbol) [0x00000000]\n\n..\\..\\AppData\\Local\\Programs\\Python\\Python311\\Lib\\site-packages\\selenium\\webdriver\\support\\wait.py:95: TimeoutException"}, "attachments": [{"name": "log", "source": "cb4e5684-9d47-4ddf-aa04-f0c5f2250567-attachment.txt", "type": "text/plain"}], "start": 1726838115566, "stop": 1726838154232, "uuid": "e35ea72b-7bc3-4d2f-ae01-68987c25941f", "historyId": "d21ade36e2ff664c39ce040447bd8c08", "testCaseId": "d21ade36e2ff664c39ce040447bd8c08", "fullName": "test_salesLaborTravel.Test_SalesDocuSign#test_SalesLabor", "labels": [{"name": "suite", "value": "test_salesLaborTravel"}, {"name": "subSuite", "value": "Test_SalesDocuSign"}, {"name": "host", "value": "OPGLOOJEYINKA"}, {"name": "thread", "value": "32708-MainThread"}, {"name": "framework", "value": "pytest"}, {"name": "language", "value": "cpython3"}, {"name": "package", "value": "test_salesLaborTravel"}]}